#
# There is insufficient memory for the Java Runtime Environment to continue.
# Native memory allocation (malloc) failed to allocate 32744 bytes for ChunkPool::allocate
# Possible reasons:
#   The system is out of physical RAM or swap space
#   In 32 bit mode, the process size limit was hit
# Possible solutions:
#   Reduce memory load on the system
#   Increase physical memory or swap space
#   Check if swap backing store is full
#   Use 64 bit Java on a 64 bit OS
#   Decrease Java heap size (-Xmx/-Xms)
#   Decrease number of Java threads
#   Decrease Java thread stack sizes (-Xss)
#   Set larger code cache with -XX:ReservedCodeCacheSize=
# This output file may be truncated or incomplete.
#
#  Out of Memory Error (allocation.cpp:273), pid=15124, tid=0x0000000000005a08
#
# JRE version: Java(TM) SE Runtime Environment (8.0_161-b12) (build 1.8.0_161-b12)
# Java VM: Java HotSpot(TM) 64-Bit Server VM (25.161-b12 mixed mode windows-amd64 compressed oops)
# Failed to write core dump. Minidumps are not enabled by default on client versions of Windows
#

---------------  T H R E A D  ---------------

Current thread (0x000000001fda6000):  JavaThread "C1 CompilerThread3" daemon [_thread_in_native, id=23048, stack(0x00000000203d0000,0x00000000204d0000)]

Stack: [0x00000000203d0000,0x00000000204d0000]
[error occurred during error reporting (printing stack bounds), id 0xc0000005]

Native frames: (J=compiled Java code, j=interpreted, Vv=VM code, C=native code)


Current CompileTask:
C1:   4819 1412       3       org.aspectj.util.GenericSignatureParser::tokenize (822 bytes)


---------------  P R O C E S S  ---------------

Java Threads: ( => current thread )
  0x000000001fd7f800 JavaThread "Service Thread" daemon [_thread_blocked, id=1588, stack(0x00000000204d0000,0x00000000205d0000)]
=>0x000000001fda6000 JavaThread "C1 CompilerThread3" daemon [_thread_in_native, id=23048, stack(0x00000000203d0000,0x00000000204d0000)]
  0x000000001fd87000 JavaThread "C2 CompilerThread2" daemon [_thread_in_native, id=28640, stack(0x00000000202d0000,0x00000000203d0000)]
  0x000000001fd86800 JavaThread "C2 CompilerThread1" daemon [_thread_in_native, id=26696, stack(0x00000000201d0000,0x00000000202d0000)]
  0x000000001fd7f000 JavaThread "C2 CompilerThread0" daemon [_thread_in_native, id=26576, stack(0x00000000200d0000,0x00000000201d0000)]
  0x000000001ef24000 JavaThread "JDWP Command Reader" daemon [_thread_in_native, id=29508, stack(0x000000001f7d0000,0x000000001f8d0000)]
  0x000000001ef21000 JavaThread "JDWP Event Helper Thread" daemon [_thread_blocked, id=18936, stack(0x000000001f6d0000,0x000000001f7d0000)]
  0x000000001ef15000 JavaThread "JDWP Transport Listener: dt_socket" daemon [_thread_blocked, id=18380, stack(0x000000001f5d0000,0x000000001f6d0000)]
  0x000000001ef0a800 JavaThread "Attach Listener" daemon [_thread_blocked, id=26932, stack(0x000000001f4d0000,0x000000001f5d0000)]
  0x000000001eeb5000 JavaThread "Signal Dispatcher" daemon [_thread_blocked, id=20008, stack(0x000000001f3d0000,0x000000001f4d0000)]
  0x000000001cf97800 JavaThread "Finalizer" daemon [_thread_blocked, id=24644, stack(0x000000001f270000,0x000000001f370000)]
  0x000000001cf90000 JavaThread "Reference Handler" daemon [_thread_blocked, id=17956, stack(0x000000001ed70000,0x000000001ee70000)]
  0x0000000003295000 JavaThread "main" [_thread_in_vm, id=22968, stack(0x0000000003170000,0x0000000003270000)]

Other Threads:
  0x000000001cf87000 VMThread [stack: 0x000000001ec70000,0x000000001ed70000] [id=20888]
  0x000000001fe6d800 WatcherThread [stack: 0x00000000205d0000,0x00000000206d0000] [id=23516]

VM state:not at safepoint (normal execution)

VM Mutex/Monitor currently owned by a thread: None

Heap:
 PSYoungGen      total 76288K, used 14363K [0x000000076b400000, 0x0000000770900000, 0x00000007c0000000)
  eden space 65536K, 5% used [0x000000076b400000,0x000000076b78da58,0x000000076f400000)
  from space 10752K, 99% used [0x000000076fe80000,0x00000007708f9470,0x0000000770900000)
  to   space 10752K, 0% used [0x000000076f400000,0x000000076f400000,0x000000076fe80000)
 ParOldGen       total 175104K, used 5892K [0x00000006c1c00000, 0x00000006cc700000, 0x000000076b400000)
  object space 175104K, 3% used [0x00000006c1c00000,0x00000006c21c1288,0x00000006cc700000)
 Metaspace       used 13464K, capacity 13662K, committed 13952K, reserved 1062912K
  class space    used 1317K, capacity 1375K, committed 1408K, reserved 1048576K

Card table byte_map: [0x00000000128e0000,0x00000000130e0000] byte_map_base: 0x000000000f2d2000

Marking Bits: (ParMarkBitMap*) 0x0000000070d7f860
 Begin Bits: [0x0000000013e30000, 0x0000000017dc0000)
 End Bits:   [0x0000000017dc0000, 0x000000001bd50000)

Polling page: 0x0000000003270000

CodeCache: size=245760Kb used=6278Kb max_used=6278Kb free=239481Kb
 bounds [0x0000000003520000, 0x0000000003b50000, 0x0000000012520000]
 total_blobs=1715 nmethods=1393 adapters=242
 compilation: enabled

Compilation events (10 events):
Event: 4.780 Thread 0x000000001fda6000 nmethod 1405 0x0000000003b345d0 code [0x0000000003b34720, 0x0000000003b34810]
Event: 4.780 Thread 0x000000001fda6000 1406       3       org.aspectj.weaver.bcel.Range::genEnd (18 bytes)
Event: 4.782 Thread 0x000000001fda6000 nmethod 1406 0x0000000003b34890 code [0x0000000003b34aa0, 0x0000000003b354a8]
Event: 4.786 Thread 0x000000001fda6000 1407   !   3       org.aspectj.weaver.loadtime.Aj$WeaverContainer::getWeaver (138 bytes)
Event: 4.790 Thread 0x000000001fda6000 nmethod 1407 0x0000000003b35c50 code [0x0000000003b35ee0, 0x0000000003b37428]
Event: 4.790 Thread 0x000000001fda6000 1410       2       org.aspectj.weaver.World$TypeMap::get (95 bytes)
Event: 4.791 Thread 0x000000001fda6000 nmethod 1410 0x0000000003b37f90 code [0x0000000003b38140, 0x0000000003b38518]
Event: 4.791 Thread 0x000000001fda6000 1408   !   3       org.aspectj.weaver.tools.WeavingAdaptor::weaveClass (532 bytes)
Event: 4.807 Thread 0x000000001fda6000 nmethod 1408 0x0000000003b38750 code [0x0000000003b39080, 0x0000000003b40118]
Event: 4.807 Thread 0x000000001fda6000 1412       3       org.aspectj.util.GenericSignatureParser::tokenize (822 bytes)

GC Heap History (4 events):
Event: 3.450 GC heap before
{Heap before GC invocations=1 (full 0):
 PSYoungGen      total 76288K, used 65536K [0x000000076b400000, 0x0000000770900000, 0x00000007c0000000)
  eden space 65536K, 100% used [0x000000076b400000,0x000000076f400000,0x000000076f400000)
  from space 10752K, 0% used [0x000000076fe80000,0x000000076fe80000,0x0000000770900000)
  to   space 10752K, 0% used [0x000000076f400000,0x000000076f400000,0x000000076fe80000)
 ParOldGen       total 175104K, used 0K [0x00000006c1c00000, 0x00000006cc700000, 0x000000076b400000)
  object space 175104K, 0% used [0x00000006c1c00000,0x00000006c1c00000,0x00000006cc700000)
 Metaspace       used 10409K, capacity 10622K, committed 10880K, reserved 1058816K
  class space    used 1069K, capacity 1151K, committed 1152K, reserved 1048576K
Event: 3.466 GC heap after
Heap after GC invocations=1 (full 0):
 PSYoungGen      total 76288K, used 9638K [0x000000076b400000, 0x0000000770900000, 0x00000007c0000000)
  eden space 65536K, 0% used [0x000000076b400000,0x000000076b400000,0x000000076f400000)
  from space 10752K, 89% used [0x000000076f400000,0x000000076fd69908,0x000000076fe80000)
  to   space 10752K, 0% used [0x000000076fe80000,0x000000076fe80000,0x0000000770900000)
 ParOldGen       total 175104K, used 16K [0x00000006c1c00000, 0x00000006cc700000, 0x000000076b400000)
  object space 175104K, 0% used [0x00000006c1c00000,0x00000006c1c04000,0x00000006cc700000)
 Metaspace       used 10409K, capacity 10622K, committed 10880K, reserved 1058816K
  class space    used 1069K, capacity 1151K, committed 1152K, reserved 1048576K
}
Event: 4.747 GC heap before
{Heap before GC invocations=2 (full 0):
 PSYoungGen      total 76288K, used 75174K [0x000000076b400000, 0x0000000770900000, 0x00000007c0000000)
  eden space 65536K, 100% used [0x000000076b400000,0x000000076f400000,0x000000076f400000)
  from space 10752K, 89% used [0x000000076f400000,0x000000076fd69908,0x000000076fe80000)
  to   space 10752K, 0% used [0x000000076fe80000,0x000000076fe80000,0x0000000770900000)
 ParOldGen       total 175104K, used 16K [0x00000006c1c00000, 0x00000006cc700000, 0x000000076b400000)
  object space 175104K, 0% used [0x00000006c1c00000,0x00000006c1c04000,0x00000006cc700000)
 Metaspace       used 13379K, capacity 13598K, committed 13696K, reserved 1060864K
  class space    used 1310K, capacity 1375K, committed 1408K, reserved 1048576K
Event: 4.777 GC heap after
Heap after GC invocations=2 (full 0):
 PSYoungGen      total 76288K, used 10725K [0x000000076b400000, 0x0000000770900000, 0x00000007c0000000)
  eden space 65536K, 0% used [0x000000076b400000,0x000000076b400000,0x000000076f400000)
  from space 10752K, 99% used [0x000000076fe80000,0x00000007708f9470,0x0000000770900000)
  to   space 10752K, 0% used [0x000000076f400000,0x000000076f400000,0x000000076fe80000)
 ParOldGen       total 175104K, used 5892K [0x00000006c1c00000, 0x00000006cc700000, 0x000000076b400000)
  object space 175104K, 3% used [0x00000006c1c00000,0x00000006c21c1288,0x00000006cc700000)
 Metaspace       used 13379K, capacity 13598K, committed 13696K, reserved 1060864K
  class space    used 1310K, capacity 1375K, committed 1408K, reserved 1048576K
}

Deoptimization events (10 events):
Event: 2.762 Thread 0x0000000003295000 Uncommon trap: reason=unloaded action=reinterpret pc=0x00000000036654e8 method=org.aspectj.apache.bcel.classfile.Constant.readConstant(Ljava/io/DataInputStream;)Lorg/aspectj/apache/bcel/classfile/Constant; @ 172
Event: 4.270 Thread 0x0000000003295000 Uncommon trap: reason=class_check action=maybe_recompile pc=0x00000000036955b4 method=java.io.BufferedInputStream.read([BII)I @ 101
Event: 4.270 Thread 0x0000000003295000 Uncommon trap: reason=class_check action=maybe_recompile pc=0x000000000368a108 method=java.io.BufferedInputStream.read([BII)I @ 101
Event: 4.270 Thread 0x0000000003295000 Uncommon trap: reason=class_check action=maybe_recompile pc=0x000000000368a108 method=java.io.BufferedInputStream.read([BII)I @ 101
Event: 4.271 Thread 0x0000000003295000 Uncommon trap: reason=class_check action=maybe_recompile pc=0x000000000368a108 method=java.io.BufferedInputStream.read([BII)I @ 101
Event: 4.450 Thread 0x0000000003295000 Uncommon trap: reason=bimorphic action=maybe_recompile pc=0x0000000003a77610 method=org.aspectj.weaver.World.resolve(Lorg/aspectj/weaver/ResolvedType;)Lorg/aspectj/weaver/ResolvedType; @ 1
Event: 4.451 Thread 0x0000000003295000 Uncommon trap: reason=bimorphic action=maybe_recompile pc=0x0000000003a77610 method=org.aspectj.weaver.World.resolve(Lorg/aspectj/weaver/ResolvedType;)Lorg/aspectj/weaver/ResolvedType; @ 1
Event: 4.536 Thread 0x0000000003295000 Uncommon trap: reason=bimorphic action=maybe_recompile pc=0x0000000003a77610 method=org.aspectj.weaver.World.resolve(Lorg/aspectj/weaver/ResolvedType;)Lorg/aspectj/weaver/ResolvedType; @ 1
Event: 4.542 Thread 0x0000000003295000 Uncommon trap: reason=bimorphic action=maybe_recompile pc=0x0000000003a77610 method=org.aspectj.weaver.World.resolve(Lorg/aspectj/weaver/ResolvedType;)Lorg/aspectj/weaver/ResolvedType; @ 1
Event: 4.778 Thread 0x0000000003295000 Uncommon trap: reason=null_check action=make_not_entrant pc=0x000000000398b3e0 method=org.aspectj.weaver.World$TypeMap.get(Ljava/lang/String;)Lorg/aspectj/weaver/ResolvedType; @ 52

Classes redefined (0 events):
No events

Internal exceptions (10 events):
Event: 2.180 Thread 0x0000000003295000 Exception <a 'java/lang/ArrayIndexOutOfBoundsException': 9> (0x000000076d48ad00) thrown at [C:\re\workspace\8-2-build-windows-amd64-cygwin\jdk8u161\10277\hotspot\src\share\vm\interpreter\interpreterRuntime.cpp, line 366]
Event: 2.180 Thread 0x0000000003295000 Exception <a 'java/lang/ArrayIndexOutOfBoundsException': 9> (0x000000076d48b120) thrown at [C:\re\workspace\8-2-build-windows-amd64-cygwin\jdk8u161\10277\hotspot\src\share\vm\interpreter\interpreterRuntime.cpp, line 366]
Event: 2.180 Thread 0x0000000003295000 Exception <a 'java/lang/ArrayIndexOutOfBoundsException': 9> (0x000000076d48b540) thrown at [C:\re\workspace\8-2-build-windows-amd64-cygwin\jdk8u161\10277\hotspot\src\share\vm\interpreter\interpreterRuntime.cpp, line 366]
Event: 2.181 Thread 0x0000000003295000 Exception <a 'java/lang/ArrayIndexOutOfBoundsException': 7> (0x000000076d4913e8) thrown at [C:\re\workspace\8-2-build-windows-amd64-cygwin\jdk8u161\10277\hotspot\src\share\vm\interpreter\interpreterRuntime.cpp, line 366]
Event: 2.181 Thread 0x0000000003295000 Exception <a 'java/lang/ArrayIndexOutOfBoundsException': 7> (0x000000076d491808) thrown at [C:\re\workspace\8-2-build-windows-amd64-cygwin\jdk8u161\10277\hotspot\src\share\vm\interpreter\interpreterRuntime.cpp, line 366]
Event: 2.182 Thread 0x0000000003295000 Exception <a 'java/lang/ArrayIndexOutOfBoundsException': 7> (0x000000076d491c28) thrown at [C:\re\workspace\8-2-build-windows-amd64-cygwin\jdk8u161\10277\hotspot\src\share\vm\interpreter\interpreterRuntime.cpp, line 366]
Event: 3.051 Thread 0x0000000003295000 Exception <a 'java/lang/NoSuchFieldError': method resolution failed> (0x000000076e690560) thrown at [C:\re\workspace\8-2-build-windows-amd64-cygwin\jdk8u161\10277\hotspot\src\share\vm\prims\methodHandles.cpp, line 1167]
Event: 3.055 Thread 0x0000000003295000 Exception <a 'java/lang/NoSuchFieldError': method resolution failed> (0x000000076e69f260) thrown at [C:\re\workspace\8-2-build-windows-amd64-cygwin\jdk8u161\10277\hotspot\src\share\vm\prims\methodHandles.cpp, line 1167]
Event: 3.368 Thread 0x0000000003295000 Exception <a 'java/lang/NoClassDefFoundError': org/slf4j/impl/StaticLoggerBinder> (0x000000076f0d1700) thrown at [C:\re\workspace\8-2-build-windows-amd64-cygwin\jdk8u161\10277\hotspot\src\share\vm\classfile\systemDictionary.cpp, line 199]
Event: 4.777 Thread 0x0000000003295000 Implicit null exception at 0x0000000003989944 to 0x000000000398b3c9

Events (10 events):
Event: 4.811 Thread 0x0000000003295000 DEOPT PACKING pc=0x000000000373fc8c sp=0x000000000326d0e0
Event: 4.811 Thread 0x0000000003295000 DEOPT UNPACKING pc=0x0000000003567890 sp=0x000000000326cf00 mode 1
Event: 4.817 loading class com/fasterxml/jackson/databind/exc/UnrecognizedPropertyException
Event: 4.817 loading class com/fasterxml/jackson/databind/exc/UnrecognizedPropertyException done
Event: 4.817 Thread 0x0000000003295000 DEOPT PACKING pc=0x00000000037d4f09 sp=0x000000000326c100
Event: 4.817 Thread 0x0000000003295000 DEOPT UNPACKING pc=0x0000000003567890 sp=0x000000000326be50 mode 1
Event: 4.817 Thread 0x0000000003295000 DEOPT PACKING pc=0x000000000373fef4 sp=0x000000000326c180
Event: 4.817 Thread 0x0000000003295000 DEOPT UNPACKING pc=0x0000000003567890 sp=0x000000000326bfa0 mode 1
Event: 4.817 Thread 0x0000000003295000 DEOPT PACKING pc=0x000000000373fc8c sp=0x000000000326c310
Event: 4.817 Thread 0x0000000003295000 DEOPT UNPACKING pc=0x0000000003567890 sp=0x000000000326c130 mode 1


Dynamic libraries:
0x00007ff7e1590000 - 0x00007ff7e15c7000 	D:\java\jdk1.8.0_161\bin\java.exe
0x00007ffd4ddd0000 - 0x00007ffd4dfc6000 	C:\WINDOWS\SYSTEM32\ntdll.dll
0x00007ffd4d7d0000 - 0x00007ffd4d88d000 	C:\WINDOWS\System32\KERNEL32.DLL
0x00007ffd4af20000 - 0x00007ffd4b1e8000 	C:\WINDOWS\System32\KERNELBASE.dll
0x00007ffd4d890000 - 0x00007ffd4d93c000 	C:\WINDOWS\System32\ADVAPI32.dll
0x00007ffd4db40000 - 0x00007ffd4dbde000 	C:\WINDOWS\System32\msvcrt.dll
0x00007ffd4b730000 - 0x00007ffd4b7cb000 	C:\WINDOWS\System32\sechost.dll
0x00007ffd4ced0000 - 0x00007ffd4cff4000 	C:\WINDOWS\System32\RPCRT4.dll
0x00007ffd4dbf0000 - 0x00007ffd4dd90000 	C:\WINDOWS\System32\USER32.dll
0x00007ffd4ac90000 - 0x00007ffd4acb2000 	C:\WINDOWS\System32\win32u.dll
0x00007ffd4b7e0000 - 0x00007ffd4b80a000 	C:\WINDOWS\System32\GDI32.dll
0x00007ffd4a920000 - 0x00007ffd4aa29000 	C:\WINDOWS\System32\gdi32full.dll
0x00007ffd4acf0000 - 0x00007ffd4ad8d000 	C:\WINDOWS\System32\msvcp_win.dll
0x00007ffd4b1f0000 - 0x00007ffd4b2f0000 	C:\WINDOWS\System32\ucrtbase.dll
0x00007ffd3acd0000 - 0x00007ffd3af6b000 	C:\WINDOWS\WinSxS\amd64_microsoft.windows.common-controls_6595b64144ccf1df_6.0.19041.488_none_ca04af081b815d21\COMCTL32.dll
0x00007ffd4c550000 - 0x00007ffd4c580000 	C:\WINDOWS\System32\IMM32.DLL
0x0000000071910000 - 0x00000000719e2000 	D:\java\jdk1.8.0_161\jre\bin\msvcr100.dll
0x0000000070560000 - 0x0000000070dff000 	D:\java\jdk1.8.0_161\jre\bin\server\jvm.dll
0x00007ffd4b2f0000 - 0x00007ffd4b2f8000 	C:\WINDOWS\System32\PSAPI.DLL
0x00007ffd32c20000 - 0x00007ffd32c29000 	C:\WINDOWS\SYSTEM32\WSOCK32.dll
0x00007ffd4bc50000 - 0x00007ffd4bcbb000 	C:\WINDOWS\System32\WS2_32.dll
0x00007ffd40e70000 - 0x00007ffd40e97000 	C:\WINDOWS\SYSTEM32\WINMM.dll
0x00007ffd40860000 - 0x00007ffd4086a000 	C:\WINDOWS\SYSTEM32\VERSION.dll
0x0000000072380000 - 0x000000007238f000 	D:\java\jdk1.8.0_161\jre\bin\verify.dll
0x0000000072350000 - 0x0000000072379000 	D:\java\jdk1.8.0_161\jre\bin\java.dll
0x00000000720c0000 - 0x00000000720f5000 	D:\java\jdk1.8.0_161\jre\bin\jdwp.dll
0x0000000072090000 - 0x0000000072098000 	D:\java\jdk1.8.0_161\jre\bin\npt.dll
0x0000000072060000 - 0x0000000072083000 	D:\java\jdk1.8.0_161\jre\bin\instrument.dll
0x0000000072330000 - 0x0000000072346000 	D:\java\jdk1.8.0_161\jre\bin\zip.dll
0x00007ffd4bd20000 - 0x00007ffd4c461000 	C:\WINDOWS\System32\SHELL32.dll
0x00007ffd48ac0000 - 0x00007ffd49255000 	C:\WINDOWS\SYSTEM32\windows.storage.dll
0x00007ffd4b810000 - 0x00007ffd4bb65000 	C:\WINDOWS\System32\combase.dll
0x00007ffd4a290000 - 0x00007ffd4a2bc000 	C:\WINDOWS\SYSTEM32\Wldp.dll
0x00007ffd4ce20000 - 0x00007ffd4cece000 	C:\WINDOWS\System32\SHCORE.dll
0x00007ffd4c4d0000 - 0x00007ffd4c525000 	C:\WINDOWS\System32\shlwapi.dll
0x00007ffd4a750000 - 0x00007ffd4a776000 	C:\WINDOWS\SYSTEM32\profapi.dll
0x0000000072050000 - 0x0000000072059000 	D:\java\jdk1.8.0_161\jre\bin\dt_socket.dll
0x00007ffd4a010000 - 0x00007ffd4a07a000 	C:\WINDOWS\system32\mswsock.dll

VM Arguments:
jvm_args: -agentlib:jdwp=transport=dt_socket,address=127.0.0.1:20708,suspend=y,server=n -ea -javaagent:C:\Users\Administrator\.m2\repository/org/aspectj/aspectjweaver/1.8.10/aspectjweaver-1.8.10.jar -Didea.test.cyclic.buffer.size=1048576 -javaagent:C:\Users\Administrator\.IntelliJIdea2019.1\system\captureAgent\debugger-agent.jar -Dfile.encoding=UTF-8 
java_command: com.intellij.rt.execution.junit.JUnitStarter -ideVersion5 -junit5 test.com.wxtest.web.ContactPOTest,searchDepart
java_class_path (initial): C:\Program Files\JetBrains\IntelliJ IDEA 2019.1.3\lib\idea_rt.jar;C:\Program Files\JetBrains\IntelliJ IDEA 2019.1.3\plugins\junit\lib\junit-rt.jar;C:\Program Files\JetBrains\IntelliJ IDEA 2019.1.3\plugins\junit\lib\junit5-rt.jar;C:\Users\Administrator\.m2\repository\org\junit\vintage\junit-vintage-engine\5.7.0\junit-vintage-engine-5.7.0.jar;C:\Users\Administrator\.m2\repository\org\apiguardian\apiguardian-api\1.1.0\apiguardian-api-1.1.0.jar;C:\Users\Administrator\.m2\repository\org\junit\platform\junit-platform-engine\1.7.0\junit-platform-engine-1.7.0.jar;C:\Users\Administrator\.m2\repository\org\opentest4j\opentest4j\1.2.0\opentest4j-1.2.0.jar;C:\Users\Administrator\.m2\repository\org\junit\platform\junit-platform-commons\1.7.0\junit-platform-commons-1.7.0.jar;C:\Users\Administrator\.m2\repository\junit\junit\4.13\junit-4.13.jar;C:\Users\Administrator\.m2\repository\org\hamcrest\hamcrest-core\1.3\hamcrest-core-1.3.jar;D:\java\jdk1.8.0_161\jre\lib\charsets.jar;D:\java\jdk1.8.0_161\jre\lib\deploy.jar;D:\java\jdk1.8.0_161\jre\lib\ext\access-bridge-64.jar;D:\java\jdk1.8.0_161\jre\lib\ext\cldrdata.jar;D:\java\jdk1.8.0_161\jre\lib\ext\dnsns.jar;D:\java\jdk1.8.0_161\jre\lib\ext\jaccess.jar;D:\java\jdk1.8.0_161\jre\lib\ext\jfxrt.jar;D:\java\jdk1.8.0_161\jre\lib\ext\localedata.jar;D:\java\jdk1.8.0_161\jre\lib\ext\nashorn.jar;D:\java\jdk1.8.0_161\jre\lib\ext\servlet-api.jar;D:\java\jdk1.8.0_161\jre\lib\ext\sunec.jar;D:\java\jdk1.8.0_161\jre\lib\ext\sunjce_provider.jar;D:\java\jdk1.8.0_161\jre\lib\ext\sunmscapi.jar;D:\java\jdk1.8.0_161\jre\lib\ext\sunpkcs11.jar;D:\java\jdk1.8.0_161\jre\lib\ext\zipfs.jar;D:\java\jdk1.8.0_161\jre\lib\javaws.jar;D:\java\jdk1.8.0_161\jre\lib\jce.jar;D:\java\jdk1.8.0_161\jre\lib\jfr.jar;D:\java\jdk1.8.0_161\jre\lib\jfxswt.jar;D:\java\jdk1.8.0_161\jre\lib\jsse.jar;D:\java\jdk1.8.0_161\jre\lib\management-agent.jar;D:\java\jdk1.8.0_161\jre\lib\plugin.jar;D:\java\jdk1.8.0_161\jre\lib\resources.jar;D:\java\jdk1.8.0_161\jre\
Launcher Type: SUN_STANDARD

Environment Variables:
JAVA_HOME=C:\Program Files\Java\jdk1.8.0_111
CLASSPATH=.;C:\Program Files\Java\jdk1.8.0_111\lib;C:\Program Files\Java\jdk1.8.0_111\lib\tools.jar
PATH=C:\Program Files (x86)\NetSarang\Xshell 6\;C:\Program Files\Common Files\Microsoft Shared\Windows Live;C:\Program Files\Java\jdk1.8.0_111\bin;C:\Program Files (x86)\NVIDIA Corporation\PhysX\Common;C:\Program Files\Python36\Scripts\;C:\Program Files\Python36\;D:\app\Administrator\product\11.2.0\dbhome_1\bin;C:\windows\system32\;C:\WINDOWS;C:\WINDOWS\system32\wbem;C:\Program Files (x86)\QuickTime\QTSystem\;C:\Program Files\TortoiseGit\bin;C:\Program Files\TortoiseSVN\bin;C:\Program Files\Python36\Lib\site-packages\pip-18.0-py3.6.egg;C:\Program Files (x86)\Google\Chrome\Application;C:\strawberry\c\bin;C:\strawberry\perl\bin;D:\apache-maven-3.3.9\bin;D:\apache-tomcat-8.5.28\bin;C:\Program Files\MongoDB\Server\3.2\bin;D:\nodejs;D:\apache-jmeter-5.2.1\bin;H:\allure-2.13.3\bin;C:\Driver;D:\java\android-sdk-windows\platform-tools;D:\java\android-sdk-windows\tools;D:\nodejs\node_global;C:\WINDOWS\system32;C:\WINDOWS\System32\Wbem;C:\WINDOWS\System32\WindowsPowerShell\v1.0\;C:\WINDOWS\System32\OpenSSH\;D:\nodejs\;C:\Program Files\Common Files\Microsoft Shared\Windows Live;C:\Program Files\erl8.1\bin;C:\Users\Administrator\AppData\Local\Programs\Fiddler;C:\Users\Administrator\AppData\Local\BypassRuntm;D:\Program Files\IntelliJ IDEA 2019\bin;;C:\Users\Administrator\AppData\Local\Microsoft\WindowsApps;C:\Users\Administrator\AppData\Roaming\npm
USERNAME=zhangcheng
OS=Windows_NT
PROCESSOR_IDENTIFIER=Intel64 Family 6 Model 60 Stepping 3, GenuineIntel



---------------  S Y S T E M  ---------------

OS: Windows 10.0 , 64 bit Build 19041 (10.0.19041.546)

CPU:total 8 (initial active 8) (4 cores per cpu, 2 threads per core) family 6 model 60 stepping 3, cmov, cx8, fxsr, mmx, sse, sse2, sse3, ssse3, sse4.1, sse4.2, popcnt, avx, avx2, aes, clmul, erms, lzcnt, ht, tsc, tscinvbit, bmi1, bmi2

Memory: 4k page, physical 16658488k(3575880k free), swap 16658488k(5128k free)

vm_info: Java HotSpot(TM) 64-Bit Server VM (25.161-b12) for windows-amd64 JRE (1.8.0_161-b12), built on Dec 19 2017 17:52:25 by "java_re" with MS VC++ 10.0 (VS2010)

time: Tue Nov 17 22:07:09 2020
elapsed time: 4 seconds (0d 0h 0m 4s)

