#
# There is insufficient memory for the Java Runtime Environment to continue.
# Native memory allocation (malloc) failed to allocate 1048576 bytes for AllocateHeap
# Possible reasons:
#   The system is out of physical RAM or swap space
#   The process is running with CompressedOops enabled, and the Java Heap may be blocking the growth of the native heap
# Possible solutions:
#   Reduce memory load on the system
#   Increase physical memory or swap space
#   Check if swap backing store is full
#   Decrease Java heap size (-Xmx/-Xms)
#   Decrease number of Java threads
#   Decrease Java thread stack sizes (-Xss)
#   Set larger code cache with -XX:ReservedCodeCacheSize=
#   JVM is running with Zero Based Compressed Oops mode in which the Java heap is
#     placed in the first 32GB address space. The Java Heap base address is the
#     maximum limit for the native heap growth. Please use -XX:HeapBaseMinAddress
#     to set the Java Heap base and to place the Java Heap above 32GB virtual address.
# This output file may be truncated or incomplete.
#
#  Out of Memory Error (memory/allocation.inline.hpp:61), pid=22972, tid=0x00000000000076e0
#
# JRE version:  (8.0_202-b57) (build )
# Java VM: OpenJDK 64-Bit Server VM (25.202-b57 mixed mode windows-amd64 compressed oops)
# Failed to write core dump. Minidumps are not enabled by default on client versions of Windows
#

---------------  T H R E A D  ---------------

Current thread (0x0000000003173800):  JavaThread "Unknown thread" [_thread_in_vm, id=30432, stack(0x0000000003070000,0x0000000003170000)]

Stack: [0x0000000003070000,0x0000000003170000]
[error occurred during error reporting (printing stack bounds), id 0xc0000005]

Native frames: (J=compiled Java code, j=interpreted, Vv=VM code, C=native code)


---------------  P R O C E S S  ---------------

Java Threads: ( => current thread )

Other Threads:

=>0x0000000003173800 (exited) JavaThread "Unknown thread" [_thread_in_vm, id=30432, stack(0x0000000003070000,0x0000000003170000)]

VM state:not at safepoint (normal execution)

VM Mutex/Monitor currently owned by a thread: None

heap address: 0x00000006c1c00000, size: 4068 MB, Compressed Oops mode: Zero based, Oop shift amount: 3
Narrow klass base: 0x0000000000000000, Narrow klass shift: 3
Compressed class space size: 1073741824 Address: 0x00000007c0000000

Heap:
 PSYoungGen      total 76288K, used 1310K [0x000000076b400000, 0x0000000770900000, 0x00000007c0000000)
  eden space 65536K, 2% used [0x000000076b400000,0x000000076b547af0,0x000000076f400000)
  from space 10752K, 0% used [0x000000076fe80000,0x000000076fe80000,0x0000000770900000)
  to   space 10752K, 0% used [0x000000076f400000,0x000000076f400000,0x000000076fe80000)
 ParOldGen       total 175104K, used 0K [0x00000006c1c00000, 0x00000006cc700000, 0x000000076b400000)
  object space 175104K, 0% used [0x00000006c1c00000,0x00000006c1c00000,0x00000006cc700000)
 Metaspace       used 777K, capacity 4480K, committed 4480K, reserved 1056768K
  class space    used 74K, capacity 384K, committed 384K, reserved 1048576K

Card table byte_map: [0x0000000012640000,0x0000000012e40000] byte_map_base: 0x000000000f032000

Marking Bits: (ParMarkBitMap*) 0x00000000715c9f30
 Begin Bits: [0x0000000013b90000, 0x0000000017b20000)
 End Bits:   [0x0000000017b20000, 0x000000001bab0000)

Polling page: 0x0000000003040000

CodeCache: size=245760Kb used=328Kb max_used=328Kb free=245431Kb
 bounds [0x0000000003280000, 0x00000000034f0000, 0x0000000012280000]
 total_blobs=57 nmethods=0 adapters=38
 compilation: enabled

Compilation events (0 events):
No events

GC Heap History (0 events):
No events

Deoptimization events (0 events):
No events

Classes redefined (0 events):
No events

Internal exceptions (0 events):
No events

Events (10 events):
Event: 0.040 loading class java/lang/Short
Event: 0.040 loading class java/lang/Short done
Event: 0.040 loading class java/lang/Integer
Event: 0.041 loading class java/lang/Integer done
Event: 0.041 loading class java/lang/Long
Event: 0.041 loading class java/lang/Long done
Event: 0.042 loading class java/lang/NullPointerException
Event: 0.042 loading class java/lang/NullPointerException done
Event: 0.042 loading class java/lang/ArithmeticException
Event: 0.042 loading class java/lang/ArithmeticException done


Dynamic libraries:
0x00007ff7578c0000 - 0x00007ff7578f1000 	C:\Program Files\JetBrains\IntelliJ IDEA 2019.1.3\jre64\bin\java.exe
0x00007ffd4ddd0000 - 0x00007ffd4dfc6000 	C:\WINDOWS\SYSTEM32\ntdll.dll
0x00007ffd4d7d0000 - 0x00007ffd4d88d000 	C:\WINDOWS\System32\KERNEL32.DLL
0x00007ffd4af20000 - 0x00007ffd4b1e8000 	C:\WINDOWS\System32\KERNELBASE.dll
0x00007ffd4d890000 - 0x00007ffd4d93c000 	C:\WINDOWS\System32\ADVAPI32.dll
0x00007ffd4db40000 - 0x00007ffd4dbde000 	C:\WINDOWS\System32\msvcrt.dll
0x00007ffd4b730000 - 0x00007ffd4b7cb000 	C:\WINDOWS\System32\sechost.dll
0x00007ffd4ced0000 - 0x00007ffd4cff4000 	C:\WINDOWS\System32\RPCRT4.dll
0x00007ffd4dbf0000 - 0x00007ffd4dd90000 	C:\WINDOWS\System32\USER32.dll
0x00007ffd4ac90000 - 0x00007ffd4acb2000 	C:\WINDOWS\System32\win32u.dll
0x00007ffd4b7e0000 - 0x00007ffd4b80a000 	C:\WINDOWS\System32\GDI32.dll
0x00007ffd4a920000 - 0x00007ffd4aa29000 	C:\WINDOWS\System32\gdi32full.dll
0x00007ffd4acf0000 - 0x00007ffd4ad8d000 	C:\WINDOWS\System32\msvcp_win.dll
0x00007ffd4b1f0000 - 0x00007ffd4b2f0000 	C:\WINDOWS\System32\ucrtbase.dll
0x00007ffd3acd0000 - 0x00007ffd3af6b000 	C:\WINDOWS\WinSxS\amd64_microsoft.windows.common-controls_6595b64144ccf1df_6.0.19041.488_none_ca04af081b815d21\COMCTL32.dll
0x00007ffd4c550000 - 0x00007ffd4c580000 	C:\WINDOWS\System32\IMM32.DLL
0x0000000072230000 - 0x0000000072302000 	C:\Program Files\JetBrains\IntelliJ IDEA 2019.1.3\jre64\bin\msvcr100.dll
0x0000000070e00000 - 0x0000000071646000 	C:\Program Files\JetBrains\IntelliJ IDEA 2019.1.3\jre64\bin\server\jvm.dll
0x00007ffd4b2f0000 - 0x00007ffd4b2f8000 	C:\WINDOWS\System32\PSAPI.DLL
0x00007ffd32c20000 - 0x00007ffd32c29000 	C:\WINDOWS\SYSTEM32\WSOCK32.dll
0x00007ffd40e70000 - 0x00007ffd40e97000 	C:\WINDOWS\SYSTEM32\WINMM.dll
0x00007ffd40860000 - 0x00007ffd4086a000 	C:\WINDOWS\SYSTEM32\VERSION.dll
0x00007ffd4bc50000 - 0x00007ffd4bcbb000 	C:\WINDOWS\System32\WS2_32.dll
0x00007ffd42c70000 - 0x00007ffd42c7f000 	C:\Program Files\JetBrains\IntelliJ IDEA 2019.1.3\jre64\bin\verify.dll
0x00007ffd42980000 - 0x00007ffd429a9000 	C:\Program Files\JetBrains\IntelliJ IDEA 2019.1.3\jre64\bin\java.dll
0x00007ffd40ea0000 - 0x00007ffd40eb6000 	C:\Program Files\JetBrains\IntelliJ IDEA 2019.1.3\jre64\bin\zip.dll

VM Arguments:
java_command: org.jetbrains.git4idea.http.GitAskPassApp Username for 'https://gitee.com': 
java_class_path (initial): C:/Program Files/JetBrains/IntelliJ IDEA 2019.1.3/plugins/git4idea/lib/git4idea-rt.jar;C:/Program Files/JetBrains/IntelliJ IDEA 2019.1.3/lib/xmlrpc-2.0.1.jar;C:/Program Files/JetBrains/IntelliJ IDEA 2019.1.3/lib/commons-codec-1.10.jar;C:/Program Files/JetBrains/IntelliJ IDEA 2019.1.3/lib/util.jar
Launcher Type: SUN_STANDARD

Environment Variables:
JAVA_HOME=C:\Program Files\Java\jdk1.8.0_111
CLASSPATH=.;C:\Program Files\Java\jdk1.8.0_111\lib;C:\Program Files\Java\jdk1.8.0_111\lib\tools.jar
PATH=E:\Program Files\Git\mingw64/libexec/git-core;E:\Program Files\Git\mingw64/libexec/git-core;E:\Program Files\Git\mingw64\bin;E:\Program Files\Git\usr\bin;C:\Users\Administrator\bin;C:\Program Files (x86)\NetSarang\Xshell 6\;C:\Program Files\Common Files\Microsoft Shared\Windows Live;C:\Program Files\Java\jdk1.8.0_111\bin;C:\Program Files (x86)\NVIDIA Corporation\PhysX\Common;C:\Program Files\Python36\Scripts\;C:\Program Files\Python36\;D:\app\Administrator\product\11.2.0\dbhome_1\bin;C:\windows\system32\;C:\WINDOWS;C:\WINDOWS\system32\wbem;C:\Program Files (x86)\QuickTime\QTSystem\;C:\Program Files\TortoiseGit\bin;C:\Program Files\TortoiseSVN\bin;C:\Program Files\Python36\Lib\site-packages\pip-18.0-py3.6.egg;C:\Program Files (x86)\Google\Chrome\Application;C:\strawberry\c\bin;C:\strawberry\perl\bin;D:\apache-maven-3.3.9\bin;D:\apache-tomcat-8.5.28\bin;C:\Program Files\MongoDB\Server\3.2\bin;D:\nodejs;D:\apache-jmeter-5.2.1\bin;H:\allure-2.13.3\bin;C:\Driver;D:\java\android-sdk-windows\platform-tools;D:\java\android-sdk-windows\tools;D:\nodejs\node_global;C:\WINDOWS\system32;C:\WINDOWS\System32\Wbem;C:\WINDOWS\System32\WindowsPowerShell\v1.0\;C:\WINDOWS\System32\OpenSSH\;D:\nodejs\;C:\Program Files\Common Files\Microsoft Shared\Windows Live;C:\Program Files\erl8.1\bin;C:\Users\Administrator\AppData\Local\Programs\Fiddler;C:\Users\Administrator\AppData\Local\BypassRuntm;D:\Program Files\IntelliJ IDEA 2019\bin;;C:\Users\Administrator\AppData\Local\Microsoft\WindowsApps;C:\Users\Administrator\AppData\Roaming\npm
USERNAME=zhangcheng
DISPLAY=:0.0
OS=Windows_NT
PROCESSOR_IDENTIFIER=Intel64 Family 6 Model 60 Stepping 3, GenuineIntel



---------------  S Y S T E M  ---------------

OS: Windows 10.0 , 64 bit Build 19041 (10.0.19041.546)

CPU:total 8 (initial active 8) (4 cores per cpu, 2 threads per core) family 6 model 60 stepping 3, cmov, cx8, fxsr, mmx, sse, sse2, sse3, ssse3, sse4.1, sse4.2, popcnt, avx, avx2, aes, clmul, erms, lzcnt, ht, tsc, tscinvbit, bmi1, bmi2

Memory: 4k page, physical 16658488k(3593908k free), swap 16658488k(6188k free)

vm_info: OpenJDK 64-Bit Server VM (25.202-b57) for windows-amd64 JRE (1.8.0_202-release-1483-b57), built on May 19 2019 00:04:20 by "builduser" with MS VC++ 10.0 (VS2010)

time: Tue Nov 17 21:39:10 2020
timezone: 中国标准时间
elapsed time: 0 seconds (0d 0h 0m 0s)

