#
# There is insufficient memory for the Java Runtime Environment to continue.
# Native memory allocation (malloc) failed to allocate 354896 bytes for Chunk::new
# Possible reasons:
#   The system is out of physical RAM or swap space
#   In 32 bit mode, the process size limit was hit
# Possible solutions:
#   Reduce memory load on the system
#   Increase physical memory or swap space
#   Check if swap backing store is full
#   Use 64 bit Java on a 64 bit OS
#   Decrease Java heap size (-Xmx/-Xms)
#   Decrease number of Java threads
#   Decrease Java thread stack sizes (-Xss)
#   Set larger code cache with -XX:ReservedCodeCacheSize=
# This output file may be truncated or incomplete.
#
#  Out of Memory Error (allocation.cpp:390), pid=24856, tid=0x0000000000003188
#
# JRE version: Java(TM) SE Runtime Environment (8.0_161-b12) (build 1.8.0_161-b12)
# Java VM: Java HotSpot(TM) 64-Bit Server VM (25.161-b12 mixed mode windows-amd64 compressed oops)
# Failed to write core dump. Minidumps are not enabled by default on client versions of Windows
#

---------------  T H R E A D  ---------------

Current thread (0x000000001f501800):  JavaThread "C2 CompilerThread1" daemon [_thread_in_native, id=12680, stack(0x000000001fa00000,0x000000001fb00000)]

Stack: [0x000000001fa00000,0x000000001fb00000]
[error occurred during error reporting (printing stack bounds), id 0xc0000005]

Native frames: (J=compiled Java code, j=interpreted, Vv=VM code, C=native code)


Current CompileTask:
C2:  15959 2817       4       org.aspectj.weaver.bcel.LazyMethodGen::initialize (127 bytes)


---------------  P R O C E S S  ---------------

Java Threads: ( => current thread )
  0x00000000212e2800 JavaThread "Okio Watchdog" daemon [_thread_blocked, id=29604, stack(0x0000000027bf0000,0x0000000027cf0000)]
  0x0000000020cce000 JavaThread "OkHttp ConnectionPool" daemon [_thread_blocked, id=20468, stack(0x00000000271e0000,0x00000000272e0000)]
  0x00000000230cb800 JavaThread "Exec Stream Pumper" daemon [_thread_in_native, id=28932, stack(0x0000000025e30000,0x0000000025f30000)]
  0x000000002326b000 JavaThread "Exec Stream Pumper" daemon [_thread_in_native, id=24972, stack(0x0000000025d30000,0x0000000025e30000)]
  0x00000000230c6000 JavaThread "UrlChecker-2" daemon [_thread_blocked, id=692, stack(0x0000000025c30000,0x0000000025d30000)]
  0x0000000022dd1800 JavaThread "Exec Default Executor" daemon [_thread_in_native, id=25316, stack(0x00000000222c0000,0x00000000223c0000)]
  0x000000001f52d000 JavaThread "Service Thread" daemon [_thread_blocked, id=5872, stack(0x000000001fd00000,0x000000001fe00000)]
  0x000000001f477800 JavaThread "C1 CompilerThread3" daemon [_thread_blocked, id=16360, stack(0x000000001fc00000,0x000000001fd00000)]
  0x000000001f4bc800 JavaThread "C2 CompilerThread2" daemon [_thread_blocked, id=10272, stack(0x000000001fb00000,0x000000001fc00000)]
=>0x000000001f501800 JavaThread "C2 CompilerThread1" daemon [_thread_in_native, id=12680, stack(0x000000001fa00000,0x000000001fb00000)]
  0x000000001f4bb800 JavaThread "C2 CompilerThread0" daemon [_thread_blocked, id=22296, stack(0x000000001f900000,0x000000001fa00000)]
  0x000000001f31d800 JavaThread "Monitor Ctrl-Break" daemon [_thread_in_native, id=24012, stack(0x000000001f800000,0x000000001f900000)]
  0x000000001e999800 JavaThread "Attach Listener" daemon [_thread_blocked, id=29460, stack(0x000000001ef00000,0x000000001f000000)]
  0x000000001e942800 JavaThread "Signal Dispatcher" daemon [_thread_blocked, id=21320, stack(0x000000001ee00000,0x000000001ef00000)]
  0x000000001ca46000 JavaThread "Finalizer" daemon [_thread_blocked, id=20744, stack(0x000000001ed00000,0x000000001ee00000)]
  0x000000001ca3e800 JavaThread "Reference Handler" daemon [_thread_blocked, id=29564, stack(0x000000001e800000,0x000000001e900000)]
  0x0000000002d14000 JavaThread "Forwarding get on session 62420c1a65aae609bdd470553fe592be to remote" [_thread_in_native, id=18880, stack(0x0000000002c10000,0x0000000002d10000)]

Other Threads:
  0x000000001ca36800 VMThread [stack: 0x000000001e700000,0x000000001e800000] [id=23732]
  0x000000001f3a7800 WatcherThread [stack: 0x000000001fe00000,0x000000001ff00000] [id=5208]

VM state:not at safepoint (normal execution)

VM Mutex/Monitor currently owned by a thread: None

Heap:
 PSYoungGen      total 141824K, used 95391K [0x000000076b400000, 0x0000000774900000, 0x00000007c0000000)
  eden space 131072K, 72% used [0x000000076b400000,0x0000000771127ee8,0x0000000773400000)
  from space 10752K, 0% used [0x0000000773e80000,0x0000000773e80000,0x0000000774900000)
  to   space 10752K, 0% used [0x0000000773400000,0x0000000773400000,0x0000000773e80000)
 ParOldGen       total 134144K, used 23864K [0x00000006c1c00000, 0x00000006c9f00000, 0x000000076b400000)
  object space 134144K, 17% used [0x00000006c1c00000,0x00000006c334e0b8,0x00000006c9f00000)
 Metaspace       used 24722K, capacity 26088K, committed 26368K, reserved 1073152K
  class space    used 2943K, capacity 3238K, committed 3328K, reserved 1048576K

Card table byte_map: [0x00000000123e0000,0x0000000012be0000] byte_map_base: 0x000000000edd2000

Marking Bits: (ParMarkBitMap*) 0x0000000070d7f860
 Begin Bits: [0x0000000013930000, 0x00000000178c0000)
 End Bits:   [0x00000000178c0000, 0x000000001b850000)

Polling page: 0x0000000002830000

CodeCache: size=245760Kb used=10421Kb max_used=11990Kb free=235338Kb
 bounds [0x0000000003020000, 0x0000000003be0000, 0x0000000012020000]
 total_blobs=2944 nmethods=2512 adapters=344
 compilation: enabled

Compilation events (10 events):
Event: 15.820 Thread 0x000000001f477800 2823       3       java.util.stream.AbstractPipeline::<init> (91 bytes)
Event: 15.821 Thread 0x000000001f477800 nmethod 2823 0x000000000332fa50 code [0x000000000332fc00, 0x00000000033301f8]
Event: 15.821 Thread 0x000000001f477800 2824       3       java.util.regex.Pattern$CharProperty::match (56 bytes)
Event: 15.821 Thread 0x000000001f477800 nmethod 2824 0x0000000003225050 code [0x00000000032251e0, 0x00000000032256c8]
Event: 15.821 Thread 0x000000001f477800 2825       3       java.lang.Character::codePointAt (51 bytes)
Event: 15.822 Thread 0x000000001f477800 nmethod 2825 0x00000000031570d0 code [0x0000000003157280, 0x0000000003157928]
Event: 15.854 Thread 0x000000001f4bc800 nmethod 2815 0x0000000003bd64d0 code [0x0000000003bd67c0, 0x0000000003bd79f0]
Event: 15.854 Thread 0x000000001f4bc800 2818       4       java.util.regex.Matcher::search (109 bytes)
Event: 15.863 Thread 0x000000001f4bc800 nmethod 2818 0x0000000003155290 code [0x00000000031553e0, 0x00000000031556b8]
Event: 15.922 Thread 0x000000001f4bb800 nmethod 2808 0x00000000038e7710 code [0x00000000038e7ac0, 0x00000000038e98a0]

GC Heap History (10 events):
Event: 3.617 GC heap before
{Heap before GC invocations=1 (full 0):
 PSYoungGen      total 76288K, used 65536K [0x000000076b400000, 0x0000000770900000, 0x00000007c0000000)
  eden space 65536K, 100% used [0x000000076b400000,0x000000076f400000,0x000000076f400000)
  from space 10752K, 0% used [0x000000076fe80000,0x000000076fe80000,0x0000000770900000)
  to   space 10752K, 0% used [0x000000076f400000,0x000000076f400000,0x000000076fe80000)
 ParOldGen       total 175104K, used 0K [0x00000006c1c00000, 0x00000006cc700000, 0x000000076b400000)
  object space 175104K, 0% used [0x00000006c1c00000,0x00000006c1c00000,0x00000006cc700000)
 Metaspace       used 10987K, capacity 11198K, committed 11520K, reserved 1058816K
  class space    used 1138K, capacity 1215K, committed 1280K, reserved 1048576K
Event: 3.634 GC heap after
Heap after GC invocations=1 (full 0):
 PSYoungGen      total 76288K, used 10720K [0x000000076b400000, 0x0000000770900000, 0x00000007c0000000)
  eden space 65536K, 0% used [0x000000076b400000,0x000000076b400000,0x000000076f400000)
  from space 10752K, 99% used [0x000000076f400000,0x000000076fe782e8,0x000000076fe80000)
  to   space 10752K, 0% used [0x000000076fe80000,0x000000076fe80000,0x0000000770900000)
 ParOldGen       total 175104K, used 16K [0x00000006c1c00000, 0x00000006cc700000, 0x000000076b400000)
  object space 175104K, 0% used [0x00000006c1c00000,0x00000006c1c04000,0x00000006cc700000)
 Metaspace       used 10987K, capacity 11198K, committed 11520K, reserved 1058816K
  class space    used 1138K, capacity 1215K, committed 1280K, reserved 1048576K
}
Event: 4.970 GC heap before
{Heap before GC invocations=2 (full 0):
 PSYoungGen      total 76288K, used 76256K [0x000000076b400000, 0x0000000770900000, 0x00000007c0000000)
  eden space 65536K, 100% used [0x000000076b400000,0x000000076f400000,0x000000076f400000)
  from space 10752K, 99% used [0x000000076f400000,0x000000076fe782e8,0x000000076fe80000)
  to   space 10752K, 0% used [0x000000076fe80000,0x000000076fe80000,0x0000000770900000)
 ParOldGen       total 175104K, used 16K [0x00000006c1c00000, 0x00000006cc700000, 0x000000076b400000)
  object space 175104K, 0% used [0x00000006c1c00000,0x00000006c1c04000,0x00000006cc700000)
 Metaspace       used 13801K, capacity 13918K, committed 14080K, reserved 1062912K
  class space    used 1371K, capacity 1439K, committed 1536K, reserved 1048576K
Event: 4.992 GC heap after
Heap after GC invocations=2 (full 0):
 PSYoungGen      total 76288K, used 10741K [0x000000076b400000, 0x0000000770900000, 0x00000007c0000000)
  eden space 65536K, 0% used [0x000000076b400000,0x000000076b400000,0x000000076f400000)
  from space 10752K, 99% used [0x000000076fe80000,0x00000007708fd420,0x0000000770900000)
  to   space 10752K, 0% used [0x000000076f400000,0x000000076f400000,0x000000076fe80000)
 ParOldGen       total 175104K, used 6255K [0x00000006c1c00000, 0x00000006cc700000, 0x000000076b400000)
  object space 175104K, 3% used [0x00000006c1c00000,0x00000006c221bec0,0x00000006cc700000)
 Metaspace       used 13801K, capacity 13918K, committed 14080K, reserved 1062912K
  class space    used 1371K, capacity 1439K, committed 1536K, reserved 1048576K
}
Event: 6.604 GC heap before
{Heap before GC invocations=3 (full 0):
 PSYoungGen      total 76288K, used 76277K [0x000000076b400000, 0x0000000770900000, 0x00000007c0000000)
  eden space 65536K, 100% used [0x000000076b400000,0x000000076f400000,0x000000076f400000)
  from space 10752K, 99% used [0x000000076fe80000,0x00000007708fd420,0x0000000770900000)
  to   space 10752K, 0% used [0x000000076f400000,0x000000076f400000,0x000000076fe80000)
 ParOldGen       total 175104K, used 6255K [0x00000006c1c00000, 0x00000006cc700000, 0x000000076b400000)
  object space 175104K, 3% used [0x00000006c1c00000,0x00000006c221bec0,0x00000006cc700000)
 Metaspace       used 17280K, capacity 17938K, committed 18176K, reserved 1064960K
  class space    used 1873K, capacity 2026K, committed 2048K, reserved 1048576K
Event: 6.630 GC heap after
Heap after GC invocations=3 (full 0):
 PSYoungGen      total 76288K, used 10741K [0x000000076b400000, 0x0000000774900000, 0x00000007c0000000)
  eden space 65536K, 0% used [0x000000076b400000,0x000000076b400000,0x000000076f400000)
  from space 10752K, 99% used [0x000000076f400000,0x000000076fe7d460,0x000000076fe80000)
  to   space 10752K, 0% used [0x0000000773e80000,0x0000000773e80000,0x0000000774900000)
 ParOldGen       total 175104K, used 13614K [0x00000006c1c00000, 0x00000006cc700000, 0x000000076b400000)
  object space 175104K, 7% used [0x00000006c1c00000,0x00000006c294b848,0x00000006cc700000)
 Metaspace       used 17280K, capacity 17938K, committed 18176K, reserved 1064960K
  class space    used 1873K, capacity 2026K, committed 2048K, reserved 1048576K
}
Event: 8.661 GC heap before
{Heap before GC invocations=4 (full 0):
 PSYoungGen      total 76288K, used 62190K [0x000000076b400000, 0x0000000774900000, 0x00000007c0000000)
  eden space 65536K, 78% used [0x000000076b400000,0x000000076e63e530,0x000000076f400000)
  from space 10752K, 99% used [0x000000076f400000,0x000000076fe7d460,0x000000076fe80000)
  to   space 10752K, 0% used [0x0000000773e80000,0x0000000773e80000,0x0000000774900000)
 ParOldGen       total 175104K, used 13614K [0x00000006c1c00000, 0x00000006cc700000, 0x000000076b400000)
  object space 175104K, 7% used [0x00000006c1c00000,0x00000006c294b848,0x00000006cc700000)
 Metaspace       used 20269K, capacity 21152K, committed 21248K, reserved 1069056K
  class space    used 2300K, capacity 2477K, committed 2560K, reserved 1048576K
Event: 8.695 GC heap after
Heap after GC invocations=4 (full 0):
 PSYoungGen      total 141824K, used 10741K [0x000000076b400000, 0x0000000774900000, 0x00000007c0000000)
  eden space 131072K, 0% used [0x000000076b400000,0x000000076b400000,0x0000000773400000)
  from space 10752K, 99% used [0x0000000773e80000,0x00000007748fd440,0x0000000774900000)
  to   space 10752K, 0% used [0x0000000773400000,0x0000000773400000,0x0000000773e80000)
 ParOldGen       total 175104K, used 19699K [0x00000006c1c00000, 0x00000006cc700000, 0x000000076b400000)
  object space 175104K, 11% used [0x00000006c1c00000,0x00000006c2f3cdf8,0x00000006cc700000)
 Metaspace       used 20269K, capacity 21152K, committed 21248K, reserved 1069056K
  class space    used 2300K, capacity 2477K, committed 2560K, reserved 1048576K
}
Event: 8.695 GC heap before
{Heap before GC invocations=5 (full 1):
 PSYoungGen      total 141824K, used 10741K [0x000000076b400000, 0x0000000774900000, 0x00000007c0000000)
  eden space 131072K, 0% used [0x000000076b400000,0x000000076b400000,0x0000000773400000)
  from space 10752K, 99% used [0x0000000773e80000,0x00000007748fd440,0x0000000774900000)
  to   space 10752K, 0% used [0x0000000773400000,0x0000000773400000,0x0000000773e80000)
 ParOldGen       total 175104K, used 19699K [0x00000006c1c00000, 0x00000006cc700000, 0x000000076b400000)
  object space 175104K, 11% used [0x00000006c1c00000,0x00000006c2f3cdf8,0x00000006cc700000)
 Metaspace       used 20269K, capacity 21152K, committed 21248K, reserved 1069056K
  class space    used 2300K, capacity 2477K, committed 2560K, reserved 1048576K
Event: 8.815 GC heap after
Heap after GC invocations=5 (full 1):
 PSYoungGen      total 141824K, used 0K [0x000000076b400000, 0x0000000774900000, 0x00000007c0000000)
  eden space 131072K, 0% used [0x000000076b400000,0x000000076b400000,0x0000000773400000)
  from space 10752K, 0% used [0x0000000773e80000,0x0000000773e80000,0x0000000774900000)
  to   space 10752K, 0% used [0x0000000773400000,0x0000000773400000,0x0000000773e80000)
 ParOldGen       total 134144K, used 23864K [0x00000006c1c00000, 0x00000006c9f00000, 0x000000076b400000)
  object space 134144K, 17% used [0x00000006c1c00000,0x00000006c334e0b8,0x00000006c9f00000)
 Metaspace       used 20269K, capacity 21152K, committed 21248K, reserved 1069056K
  class space    used 2300K, capacity 2477K, committed 2560K, reserved 1048576K
}

Deoptimization events (10 events):
Event: 11.265 Thread 0x0000000002d14000 Uncommon trap: reason=class_check action=maybe_recompile pc=0x0000000003ac02d8 method=java.util.regex.Matcher.search(I)Z @ 86
Event: 11.265 Thread 0x0000000002d14000 Uncommon trap: reason=class_check action=maybe_recompile pc=0x0000000003ac02d8 method=java.util.regex.Matcher.search(I)Z @ 86
Event: 11.265 Thread 0x0000000002d14000 Uncommon trap: reason=class_check action=maybe_recompile pc=0x0000000003ac02d8 method=java.util.regex.Matcher.search(I)Z @ 86
Event: 11.265 Thread 0x0000000002d14000 Uncommon trap: reason=class_check action=maybe_recompile pc=0x0000000003a81f70 method=java.util.regex.Pattern$Curly.match(Ljava/util/regex/Matcher;ILjava/lang/CharSequence;)Z @ 19
Event: 11.293 Thread 0x0000000002d14000 Uncommon trap: reason=class_check action=maybe_recompile pc=0x0000000003a81f70 method=java.util.regex.Pattern$Curly.match(Ljava/util/regex/Matcher;ILjava/lang/CharSequence;)Z @ 19
Event: 11.293 Thread 0x0000000002d14000 Uncommon trap: reason=class_check action=maybe_recompile pc=0x0000000003a81f70 method=java.util.regex.Pattern$Curly.match(Ljava/util/regex/Matcher;ILjava/lang/CharSequence;)Z @ 19
Event: 11.629 Thread 0x0000000002d14000 Uncommon trap: reason=class_check action=maybe_recompile pc=0x00000000032f4328 method=java.io.BufferedInputStream.read1([BII)I @ 39
Event: 15.734 Thread 0x0000000002d14000 Uncommon trap: reason=class_check action=maybe_recompile pc=0x0000000003aa3c90 method=java.lang.Character.toUpperCaseEx(I)I @ 26
Event: 15.734 Thread 0x0000000002d14000 Uncommon trap: reason=class_check action=maybe_recompile pc=0x0000000003aa3c90 method=java.lang.Character.toUpperCaseEx(I)I @ 26
Event: 15.736 Thread 0x0000000002d14000 Uncommon trap: reason=class_check action=maybe_recompile pc=0x0000000003aa3c90 method=java.lang.Character.toUpperCaseEx(I)I @ 26

Classes redefined (0 events):
No events

Internal exceptions (10 events):
Event: 10.862 Thread 0x0000000002d14000 Exception <a 'java/lang/ArrayIndexOutOfBoundsException': 18> (0x000000076d85f310) thrown at [C:\re\workspace\8-2-build-windows-amd64-cygwin\jdk8u161\10277\hotspot\src\share\vm\interpreter\interpreterRuntime.cpp, line 366]
Event: 10.863 Thread 0x0000000002d14000 Exception <a 'java/lang/ArrayIndexOutOfBoundsException': 110> (0x000000076d861e08) thrown at [C:\re\workspace\8-2-build-windows-amd64-cygwin\jdk8u161\10277\hotspot\src\share\vm\interpreter\interpreterRuntime.cpp, line 366]
Event: 10.864 Thread 0x0000000002d14000 Exception <a 'java/lang/ArrayIndexOutOfBoundsException': 60> (0x000000076d8653f8) thrown at [C:\re\workspace\8-2-build-windows-amd64-cygwin\jdk8u161\10277\hotspot\src\share\vm\interpreter\interpreterRuntime.cpp, line 366]
Event: 10.865 Thread 0x0000000002d14000 Exception <a 'java/lang/ArrayIndexOutOfBoundsException': 67> (0x000000076d86b980) thrown at [C:\re\workspace\8-2-build-windows-amd64-cygwin\jdk8u161\10277\hotspot\src\share\vm\interpreter\interpreterRuntime.cpp, line 366]
Event: 10.865 Thread 0x0000000002d14000 Exception <a 'java/lang/ArrayIndexOutOfBoundsException': 88> (0x000000076d86cde0) thrown at [C:\re\workspace\8-2-build-windows-amd64-cygwin\jdk8u161\10277\hotspot\src\share\vm\interpreter\interpreterRuntime.cpp, line 366]
Event: 10.867 Thread 0x0000000002d14000 Exception <a 'java/lang/ArrayIndexOutOfBoundsException': 92> (0x000000076d8807a8) thrown at [C:\re\workspace\8-2-build-windows-amd64-cygwin\jdk8u161\10277\hotspot\src\share\vm\interpreter\interpreterRuntime.cpp, line 366]
Event: 10.869 Thread 0x0000000002d14000 Exception <a 'java/lang/ArrayIndexOutOfBoundsException': 57> (0x000000076d890da8) thrown at [C:\re\workspace\8-2-build-windows-amd64-cygwin\jdk8u161\10277\hotspot\src\share\vm\interpreter\interpreterRuntime.cpp, line 366]
Event: 11.031 Thread 0x0000000002d14000 Exception <a 'java/lang/NoSuchMethodError': java.lang.Object.lambda$chars$0()Ljava/util/Spliterator$OfInt;> (0x000000076df57150) thrown at [C:\re\workspace\8-2-build-windows-amd64-cygwin\jdk8u161\10277\hotspot\src\share\vm\interpreter\linkResolver.cpp, li
Event: 15.719 Thread 0x0000000002d14000 Exception <a 'java/lang/NoSuchMethodError': java.lang.Object.lambda$getResponseFunction$0(Lorg/openqa/selenium/remote/InitialHandshakeResponse;)Lorg/openqa/selenium/remote/ProtocolHandshake$Result;> (0x00000007709db5b8) thrown at [C:\re\workspace\8-2-buil
Event: 15.837 Thread 0x0000000002d14000 Exception <a 'java/net/SocketTimeoutException': Read timed out> (0x0000000770f28190) thrown at [C:\re\workspace\8-2-build-windows-amd64-cygwin\jdk8u161\10277\hotspot\src\share\vm\prims\jni.cpp, line 735]

Events (10 events):
Event: 15.812 loading class org/openqa/selenium/html5/SessionStorage
Event: 15.812 loading class org/openqa/selenium/html5/SessionStorage done
Event: 15.813 loading class org/openqa/selenium/remote/RemoteTouchScreen
Event: 15.813 loading class org/openqa/selenium/remote/RemoteTouchScreen done
Event: 15.815 loading class org/openqa/selenium/remote/mobile/RemoteNetworkConnection
Event: 15.815 loading class org/openqa/selenium/remote/mobile/RemoteNetworkConnection done
Event: 15.821 loading class java/util/Collections$UnmodifiableList$1
Event: 15.821 loading class java/util/Collections$UnmodifiableList$1 done
Event: 15.837 loading class sun/net/ConnectionResetException
Event: 15.837 loading class sun/net/ConnectionResetException done


Dynamic libraries:
0x00007ff7e1590000 - 0x00007ff7e15c7000 	D:\java\jdk1.8.0_161\bin\java.exe
0x00007ffd4ddd0000 - 0x00007ffd4dfc6000 	C:\WINDOWS\SYSTEM32\ntdll.dll
0x00007ffd4d7d0000 - 0x00007ffd4d88d000 	C:\WINDOWS\System32\KERNEL32.DLL
0x00007ffd4af20000 - 0x00007ffd4b1e8000 	C:\WINDOWS\System32\KERNELBASE.dll
0x00007ffd4d890000 - 0x00007ffd4d93c000 	C:\WINDOWS\System32\ADVAPI32.dll
0x00007ffd4db40000 - 0x00007ffd4dbde000 	C:\WINDOWS\System32\msvcrt.dll
0x00007ffd4b730000 - 0x00007ffd4b7cb000 	C:\WINDOWS\System32\sechost.dll
0x00007ffd4ced0000 - 0x00007ffd4cff4000 	C:\WINDOWS\System32\RPCRT4.dll
0x00007ffd4dbf0000 - 0x00007ffd4dd90000 	C:\WINDOWS\System32\USER32.dll
0x00007ffd4ac90000 - 0x00007ffd4acb2000 	C:\WINDOWS\System32\win32u.dll
0x00007ffd4b7e0000 - 0x00007ffd4b80a000 	C:\WINDOWS\System32\GDI32.dll
0x00007ffd4a920000 - 0x00007ffd4aa29000 	C:\WINDOWS\System32\gdi32full.dll
0x00007ffd4acf0000 - 0x00007ffd4ad8d000 	C:\WINDOWS\System32\msvcp_win.dll
0x00007ffd4b1f0000 - 0x00007ffd4b2f0000 	C:\WINDOWS\System32\ucrtbase.dll
0x00007ffd3acd0000 - 0x00007ffd3af6b000 	C:\WINDOWS\WinSxS\amd64_microsoft.windows.common-controls_6595b64144ccf1df_6.0.19041.488_none_ca04af081b815d21\COMCTL32.dll
0x00007ffd4c550000 - 0x00007ffd4c580000 	C:\WINDOWS\System32\IMM32.DLL
0x0000000071910000 - 0x00000000719e2000 	D:\java\jdk1.8.0_161\jre\bin\msvcr100.dll
0x0000000070560000 - 0x0000000070dff000 	D:\java\jdk1.8.0_161\jre\bin\server\jvm.dll
0x00007ffd4b2f0000 - 0x00007ffd4b2f8000 	C:\WINDOWS\System32\PSAPI.DLL
0x00007ffd40e70000 - 0x00007ffd40e97000 	C:\WINDOWS\SYSTEM32\WINMM.dll
0x00007ffd32c20000 - 0x00007ffd32c29000 	C:\WINDOWS\SYSTEM32\WSOCK32.dll
0x00007ffd4bc50000 - 0x00007ffd4bcbb000 	C:\WINDOWS\System32\WS2_32.dll
0x00007ffd40860000 - 0x00007ffd4086a000 	C:\WINDOWS\SYSTEM32\VERSION.dll
0x0000000072380000 - 0x000000007238f000 	D:\java\jdk1.8.0_161\jre\bin\verify.dll
0x0000000072350000 - 0x0000000072379000 	D:\java\jdk1.8.0_161\jre\bin\java.dll
0x00000000720d0000 - 0x00000000720f3000 	D:\java\jdk1.8.0_161\jre\bin\instrument.dll
0x0000000072330000 - 0x0000000072346000 	D:\java\jdk1.8.0_161\jre\bin\zip.dll
0x00007ffd4bd20000 - 0x00007ffd4c461000 	C:\WINDOWS\System32\SHELL32.dll
0x00007ffd48ac0000 - 0x00007ffd49255000 	C:\WINDOWS\SYSTEM32\windows.storage.dll
0x00007ffd4b810000 - 0x00007ffd4bb65000 	C:\WINDOWS\System32\combase.dll
0x00007ffd4a290000 - 0x00007ffd4a2bc000 	C:\WINDOWS\SYSTEM32\Wldp.dll
0x00007ffd4ce20000 - 0x00007ffd4cece000 	C:\WINDOWS\System32\SHCORE.dll
0x00007ffd4c4d0000 - 0x00007ffd4c525000 	C:\WINDOWS\System32\shlwapi.dll
0x00007ffd4a750000 - 0x00007ffd4a776000 	C:\WINDOWS\SYSTEM32\profapi.dll
0x00007ffd35b00000 - 0x00007ffd35b1a000 	C:\Program Files\JetBrains\IntelliJ IDEA 2019.1.3\bin\breakgen64.dll
0x0000000072180000 - 0x000000007219a000 	D:\java\jdk1.8.0_161\jre\bin\net.dll
0x00007ffd4a010000 - 0x00007ffd4a07a000 	C:\WINDOWS\system32\mswsock.dll
0x00007ffd4a1e0000 - 0x00007ffd4a1f8000 	C:\WINDOWS\SYSTEM32\CRYPTSP.dll
0x00007ffd49980000 - 0x00007ffd499b4000 	C:\WINDOWS\system32\rsaenh.dll
0x00007ffd4a8f0000 - 0x00007ffd4a917000 	C:\WINDOWS\System32\bcrypt.dll
0x00007ffd4a710000 - 0x00007ffd4a73e000 	C:\WINDOWS\SYSTEM32\USERENV.dll
0x00007ffd4ae40000 - 0x00007ffd4aebf000 	C:\WINDOWS\System32\bcryptprimitives.dll
0x00007ffd4a200000 - 0x00007ffd4a20c000 	C:\WINDOWS\SYSTEM32\CRYPTBASE.dll
0x00007ffd49d00000 - 0x00007ffd49d3b000 	C:\WINDOWS\SYSTEM32\IPHLPAPI.DLL
0x00007ffd4dbe0000 - 0x00007ffd4dbe8000 	C:\WINDOWS\System32\NSI.dll
0x00007ffd42560000 - 0x00007ffd42577000 	C:\WINDOWS\SYSTEM32\dhcpcsvc6.DLL
0x00007ffd42540000 - 0x00007ffd4255d000 	C:\WINDOWS\SYSTEM32\dhcpcsvc.DLL
0x00007ffd49d40000 - 0x00007ffd49e0b000 	C:\WINDOWS\SYSTEM32\DNSAPI.dll
0x0000000072160000 - 0x0000000072171000 	D:\java\jdk1.8.0_161\jre\bin\nio.dll
0x00007ffd42e30000 - 0x00007ffd42e3a000 	C:\Windows\System32\rasadhlp.dll
0x00007ffd3ffd0000 - 0x00007ffd4004f000 	C:\WINDOWS\System32\fwpuclnt.dll
0x0000000072070000 - 0x0000000072094000 	D:\java\jdk1.8.0_161\jre\bin\sunec.dll
0x00000000720c0000 - 0x00000000720cb000 	D:\java\jdk1.8.0_161\jre\bin\sunmscapi.dll
0x00007ffd4ab30000 - 0x00007ffd4ac8d000 	C:\WINDOWS\System32\CRYPT32.dll

VM Arguments:
jvm_args: -ea -javaagent:C:\Users\Administrator\.m2\repository/org/aspectj/aspectjweaver/1.8.10/aspectjweaver-1.8.10.jar -Didea.test.cyclic.buffer.size=1048576 -javaagent:C:\Program Files\JetBrains\IntelliJ IDEA 2019.1.3\lib\idea_rt.jar=17864:C:\Program Files\JetBrains\IntelliJ IDEA 2019.1.3\bin -Dfile.encoding=UTF-8 
java_command: com.intellij.rt.execution.junit.JUnitStarter -ideVersion5 -junit5 test.com.wxtest.web.ContactPOTest,addMem
java_class_path (initial): C:\Program Files\JetBrains\IntelliJ IDEA 2019.1.3\lib\idea_rt.jar;C:\Program Files\JetBrains\IntelliJ IDEA 2019.1.3\plugins\junit\lib\junit-rt.jar;C:\Program Files\JetBrains\IntelliJ IDEA 2019.1.3\plugins\junit\lib\junit5-rt.jar;C:\Users\Administrator\.m2\repository\org\junit\vintage\junit-vintage-engine\5.7.0\junit-vintage-engine-5.7.0.jar;C:\Users\Administrator\.m2\repository\org\apiguardian\apiguardian-api\1.1.0\apiguardian-api-1.1.0.jar;C:\Users\Administrator\.m2\repository\org\junit\platform\junit-platform-engine\1.7.0\junit-platform-engine-1.7.0.jar;C:\Users\Administrator\.m2\repository\org\opentest4j\opentest4j\1.2.0\opentest4j-1.2.0.jar;C:\Users\Administrator\.m2\repository\org\junit\platform\junit-platform-commons\1.7.0\junit-platform-commons-1.7.0.jar;C:\Users\Administrator\.m2\repository\junit\junit\4.13\junit-4.13.jar;C:\Users\Administrator\.m2\repository\org\hamcrest\hamcrest-core\1.3\hamcrest-core-1.3.jar;D:\java\jdk1.8.0_161\jre\lib\charsets.jar;D:\java\jdk1.8.0_161\jre\lib\deploy.jar;D:\java\jdk1.8.0_161\jre\lib\ext\access-bridge-64.jar;D:\java\jdk1.8.0_161\jre\lib\ext\cldrdata.jar;D:\java\jdk1.8.0_161\jre\lib\ext\dnsns.jar;D:\java\jdk1.8.0_161\jre\lib\ext\jaccess.jar;D:\java\jdk1.8.0_161\jre\lib\ext\jfxrt.jar;D:\java\jdk1.8.0_161\jre\lib\ext\localedata.jar;D:\java\jdk1.8.0_161\jre\lib\ext\nashorn.jar;D:\java\jdk1.8.0_161\jre\lib\ext\servlet-api.jar;D:\java\jdk1.8.0_161\jre\lib\ext\sunec.jar;D:\java\jdk1.8.0_161\jre\lib\ext\sunjce_provider.jar;D:\java\jdk1.8.0_161\jre\lib\ext\sunmscapi.jar;D:\java\jdk1.8.0_161\jre\lib\ext\sunpkcs11.jar;D:\java\jdk1.8.0_161\jre\lib\ext\zipfs.jar;D:\java\jdk1.8.0_161\jre\lib\javaws.jar;D:\java\jdk1.8.0_161\jre\lib\jce.jar;D:\java\jdk1.8.0_161\jre\lib\jfr.jar;D:\java\jdk1.8.0_161\jre\lib\jfxswt.jar;D:\java\jdk1.8.0_161\jre\lib\jsse.jar;D:\java\jdk1.8.0_161\jre\lib\management-agent.jar;D:\java\jdk1.8.0_161\jre\lib\plugin.jar;D:\java\jdk1.8.0_161\jre\lib\resources.jar;D:\java\jdk1.8.0_161\jre\
Launcher Type: SUN_STANDARD

Environment Variables:
JAVA_HOME=C:\Program Files\Java\jdk1.8.0_111
CLASSPATH=.;C:\Program Files\Java\jdk1.8.0_111\lib;C:\Program Files\Java\jdk1.8.0_111\lib\tools.jar
PATH=C:\Program Files (x86)\NetSarang\Xshell 6\;C:\Program Files\Common Files\Microsoft Shared\Windows Live;C:\Program Files\Java\jdk1.8.0_111\bin;C:\Program Files (x86)\NVIDIA Corporation\PhysX\Common;C:\Program Files\Python36\Scripts\;C:\Program Files\Python36\;D:\app\Administrator\product\11.2.0\dbhome_1\bin;C:\windows\system32\;C:\WINDOWS;C:\WINDOWS\system32\wbem;C:\Program Files (x86)\QuickTime\QTSystem\;C:\Program Files\TortoiseGit\bin;C:\Program Files\TortoiseSVN\bin;C:\Program Files\Python36\Lib\site-packages\pip-18.0-py3.6.egg;C:\Program Files (x86)\Google\Chrome\Application;C:\strawberry\c\bin;C:\strawberry\perl\bin;D:\apache-maven-3.3.9\bin;D:\apache-tomcat-8.5.28\bin;C:\Program Files\MongoDB\Server\3.2\bin;D:\nodejs;D:\apache-jmeter-5.2.1\bin;H:\allure-2.13.3\bin;C:\Driver;D:\java\android-sdk-windows\platform-tools;D:\java\android-sdk-windows\tools;D:\nodejs\node_global;C:\WINDOWS\system32;C:\WINDOWS\System32\Wbem;C:\WINDOWS\System32\WindowsPowerShell\v1.0\;C:\WINDOWS\System32\OpenSSH\;D:\nodejs\;C:\Program Files\Common Files\Microsoft Shared\Windows Live;C:\Program Files\erl8.1\bin;C:\Users\Administrator\AppData\Local\Programs\Fiddler;C:\Users\Administrator\AppData\Local\BypassRuntm;D:\Program Files\IntelliJ IDEA 2019\bin;;C:\Users\Administrator\AppData\Local\Microsoft\WindowsApps;C:\Users\Administrator\AppData\Roaming\npm
USERNAME=zhangcheng
OS=Windows_NT
PROCESSOR_IDENTIFIER=Intel64 Family 6 Model 60 Stepping 3, GenuineIntel



---------------  S Y S T E M  ---------------

OS: Windows 10.0 , 64 bit Build 19041 (10.0.19041.546)

CPU:total 8 (initial active 8) (4 cores per cpu, 2 threads per core) family 6 model 60 stepping 3, cmov, cx8, fxsr, mmx, sse, sse2, sse3, ssse3, sse4.1, sse4.2, popcnt, avx, avx2, aes, clmul, erms, lzcnt, ht, tsc, tscinvbit, bmi1, bmi2

Memory: 4k page, physical 16658488k(3338576k free), swap 16658488k(4196k free)

vm_info: Java HotSpot(TM) 64-Bit Server VM (25.161-b12) for windows-amd64 JRE (1.8.0_161-b12), built on Dec 19 2017 17:52:25 by "java_re" with MS VC++ 10.0 (VS2010)

time: Tue Nov 17 21:45:19 2020
elapsed time: 15 seconds (0d 0h 0m 15s)

