#
# There is insufficient memory for the Java Runtime Environment to continue.
# Native memory allocation (malloc) failed to allocate 1218816 bytes for Chunk::new
# Possible reasons:
#   The system is out of physical RAM or swap space
#   In 32 bit mode, the process size limit was hit
# Possible solutions:
#   Reduce memory load on the system
#   Increase physical memory or swap space
#   Check if swap backing store is full
#   Use 64 bit Java on a 64 bit OS
#   Decrease Java heap size (-Xmx/-Xms)
#   Decrease number of Java threads
#   Decrease Java thread stack sizes (-Xss)
#   Set larger code cache with -XX:ReservedCodeCacheSize=
# This output file may be truncated or incomplete.
#
#  Out of Memory Error (allocation.cpp:390), pid=1088, tid=0x000000000000412c
#
# JRE version: Java(TM) SE Runtime Environment (8.0_161-b12) (build 1.8.0_161-b12)
# Java VM: Java HotSpot(TM) 64-Bit Server VM (25.161-b12 mixed mode windows-amd64 compressed oops)
# Failed to write core dump. Minidumps are not enabled by default on client versions of Windows
#

---------------  T H R E A D  ---------------

Current thread (0x000000001fb36000):  JavaThread "C2 CompilerThread2" daemon [_thread_in_native, id=16684, stack(0x0000000020110000,0x0000000020210000)]

Stack: [0x0000000020110000,0x0000000020210000]
[error occurred during error reporting (printing stack bounds), id 0xc0000005]

Native frames: (J=compiled Java code, j=interpreted, Vv=VM code, C=native code)


Current CompileTask:
C2:   4893 2828       4       org.aspectj.apache.bcel.generic.MethodGen::<init> (928 bytes)


---------------  P R O C E S S  ---------------

Java Threads: ( => current thread )
  0x000000002180d000 JavaThread "Okio Watchdog" daemon [_thread_blocked, id=25652, stack(0x0000000025ac0000,0x0000000025bc0000)]
  0x0000000022bd7800 JavaThread "OkHttp ConnectionPool" daemon [_thread_blocked, id=14900, stack(0x00000000259c0000,0x0000000025ac0000)]
  0x0000000022c08000 JavaThread "ForkJoinPool.commonPool-worker-4" daemon [_thread_blocked, id=18520, stack(0x00000000255c0000,0x00000000256c0000)]
  0x0000000021d47000 JavaThread "ForkJoinPool.commonPool-worker-3" daemon [_thread_blocked, id=22812, stack(0x00000000254c0000,0x00000000255c0000)]
  0x0000000021d46800 JavaThread "ForkJoinPool.commonPool-worker-2" daemon [_thread_blocked, id=24472, stack(0x00000000253c0000,0x00000000254c0000)]
  0x0000000022198000 JavaThread "ForkJoinPool.commonPool-worker-1" daemon [_thread_blocked, id=28156, stack(0x00000000252c0000,0x00000000253c0000)]
  0x000000001fa84800 JavaThread "Service Thread" daemon [_thread_blocked, id=10712, stack(0x0000000020310000,0x0000000020410000)]
  0x000000001fb3b000 JavaThread "C1 CompilerThread3" daemon [_thread_blocked, id=26012, stack(0x0000000020210000,0x0000000020310000)]
=>0x000000001fb36000 JavaThread "C2 CompilerThread2" daemon [_thread_in_native, id=16684, stack(0x0000000020110000,0x0000000020210000)]
  0x000000001fb33800 JavaThread "C2 CompilerThread1" daemon [_thread_in_native, id=20616, stack(0x0000000020010000,0x0000000020110000)]
  0x000000001fac0000 JavaThread "C2 CompilerThread0" daemon [_thread_blocked, id=16016, stack(0x000000001ff10000,0x0000000020010000)]
  0x000000001f91c800 JavaThread "Monitor Ctrl-Break" daemon [_thread_in_native, id=25088, stack(0x000000001fe10000,0x000000001ff10000)]
  0x000000001efab800 JavaThread "Attach Listener" daemon [_thread_blocked, id=28488, stack(0x000000001f510000,0x000000001f610000)]
  0x000000001ef53800 JavaThread "Signal Dispatcher" daemon [_thread_blocked, id=12304, stack(0x000000001f410000,0x000000001f510000)]
  0x000000001ef30800 JavaThread "Finalizer" daemon [_thread_blocked, id=15676, stack(0x000000001f310000,0x000000001f410000)]
  0x000000001d02e800 JavaThread "Reference Handler" daemon [_thread_blocked, id=24468, stack(0x000000001ee10000,0x000000001ef10000)]
  0x0000000003314800 JavaThread "Forwarding newSession on session null to remote" [_thread_in_native, id=28464, stack(0x0000000003210000,0x0000000003310000)]

Other Threads:
  0x000000001d026800 VMThread [stack: 0x000000001ed10000,0x000000001ee10000] [id=27476]
  0x000000001fa39800 WatcherThread [stack: 0x0000000020410000,0x0000000020510000] [id=24924]

VM state:not at safepoint (normal execution)

VM Mutex/Monitor currently owned by a thread: None

Heap:
 PSYoungGen      total 141824K, used 106740K [0x000000076b400000, 0x0000000774900000, 0x00000007c0000000)
  eden space 131072K, 81% used [0x000000076b400000,0x0000000771c3d038,0x0000000773400000)
  from space 10752K, 0% used [0x0000000773e80000,0x0000000773e80000,0x0000000774900000)
  to   space 10752K, 0% used [0x0000000773400000,0x0000000773400000,0x0000000773e80000)
 ParOldGen       total 127488K, used 22366K [0x00000006c1c00000, 0x00000006c9880000, 0x000000076b400000)
  object space 127488K, 17% used [0x00000006c1c00000,0x00000006c31d7af8,0x00000006c9880000)
 Metaspace       used 25092K, capacity 26802K, committed 27008K, reserved 1073152K
  class space    used 3016K, capacity 3375K, committed 3456K, reserved 1048576K

Card table byte_map: [0x00000000129d0000,0x00000000131d0000] byte_map_base: 0x000000000f3c2000

Marking Bits: (ParMarkBitMap*) 0x0000000062d0f860
 Begin Bits: [0x0000000013f20000, 0x0000000017eb0000)
 End Bits:   [0x0000000017eb0000, 0x000000001be40000)

Polling page: 0x0000000001520000

CodeCache: size=245760Kb used=11960Kb max_used=11976Kb free=233799Kb
 bounds [0x0000000003610000, 0x00000000041d0000, 0x0000000012610000]
 total_blobs=3255 nmethods=2816 adapters=351
 compilation: enabled

Compilation events (10 events):
Event: 4.767 Thread 0x000000001fac0000 2824       4       org.aspectj.weaver.patterns.SignaturePattern::matchesExactlyMethod (400 bytes)
Event: 4.771 Thread 0x000000001fac0000 nmethod 2824 0x00000000041ac690 code [0x00000000041ac820, 0x00000000041acbd8]
Event: 4.771 Thread 0x000000001fac0000 2825       4       org.aspectj.weaver.patterns.SignaturePattern::parametersCannotMatch (96 bytes)
Event: 4.773 Thread 0x000000001fac0000 nmethod 2825 0x000000000419df50 code [0x000000000419e0a0, 0x000000000419e1b8]
Event: 4.773 Thread 0x000000001fac0000 2826       4       org.aspectj.weaver.ResolvedMemberImpl::isVarargsMethod (17 bytes)
Event: 4.773 Thread 0x000000001fac0000 nmethod 2826 0x00000000041ad390 code [0x00000000041ad4c0, 0x00000000041ad538]
Event: 4.773 Thread 0x000000001fac0000 2827       4       org.aspectj.weaver.patterns.ThrowsPattern::matches (105 bytes)
Event: 4.773 Thread 0x000000001fac0000 nmethod 2827 0x00000000041ac410 code [0x00000000041ac540, 0x00000000041ac5d8]
Event: 4.773 Thread 0x000000001fac0000 2813   !   4       org.aspectj.apache.bcel.classfile.Utility::typeOfSignature (210 bytes)
Event: 4.774 Thread 0x000000001fac0000 nmethod 2813 0x00000000041ab990 code [0x00000000041abbe0, 0x00000000041abcf8]

GC Heap History (10 events):
Event: 1.525 GC heap before
{Heap before GC invocations=1 (full 0):
 PSYoungGen      total 76288K, used 65536K [0x000000076b400000, 0x0000000770900000, 0x00000007c0000000)
  eden space 65536K, 100% used [0x000000076b400000,0x000000076f400000,0x000000076f400000)
  from space 10752K, 0% used [0x000000076fe80000,0x000000076fe80000,0x0000000770900000)
  to   space 10752K, 0% used [0x000000076f400000,0x000000076f400000,0x000000076fe80000)
 ParOldGen       total 175104K, used 0K [0x00000006c1c00000, 0x00000006cc700000, 0x000000076b400000)
  object space 175104K, 0% used [0x00000006c1c00000,0x00000006c1c00000,0x00000006cc700000)
 Metaspace       used 11369K, capacity 11598K, committed 11776K, reserved 1060864K
  class space    used 1201K, capacity 1264K, committed 1280K, reserved 1048576K
Event: 1.540 GC heap after
Heap after GC invocations=1 (full 0):
 PSYoungGen      total 76288K, used 9483K [0x000000076b400000, 0x0000000770900000, 0x00000007c0000000)
  eden space 65536K, 0% used [0x000000076b400000,0x000000076b400000,0x000000076f400000)
  from space 10752K, 88% used [0x000000076f400000,0x000000076fd42cc8,0x000000076fe80000)
  to   space 10752K, 0% used [0x000000076fe80000,0x000000076fe80000,0x0000000770900000)
 ParOldGen       total 175104K, used 16K [0x00000006c1c00000, 0x00000006cc700000, 0x000000076b400000)
  object space 175104K, 0% used [0x00000006c1c00000,0x00000006c1c04000,0x00000006cc700000)
 Metaspace       used 11369K, capacity 11598K, committed 11776K, reserved 1060864K
  class space    used 1201K, capacity 1264K, committed 1280K, reserved 1048576K
}
Event: 2.152 GC heap before
{Heap before GC invocations=2 (full 0):
 PSYoungGen      total 76288K, used 75019K [0x000000076b400000, 0x0000000770900000, 0x00000007c0000000)
  eden space 65536K, 100% used [0x000000076b400000,0x000000076f400000,0x000000076f400000)
  from space 10752K, 88% used [0x000000076f400000,0x000000076fd42cc8,0x000000076fe80000)
  to   space 10752K, 0% used [0x000000076fe80000,0x000000076fe80000,0x0000000770900000)
 ParOldGen       total 175104K, used 16K [0x00000006c1c00000, 0x00000006cc700000, 0x000000076b400000)
  object space 175104K, 0% used [0x00000006c1c00000,0x00000006c1c04000,0x00000006cc700000)
 Metaspace       used 14070K, capacity 14350K, committed 14592K, reserved 1062912K
  class space    used 1417K, capacity 1520K, committed 1536K, reserved 1048576K
Event: 2.166 GC heap after
Heap after GC invocations=2 (full 0):
 PSYoungGen      total 76288K, used 10741K [0x000000076b400000, 0x0000000774900000, 0x00000007c0000000)
  eden space 65536K, 0% used [0x000000076b400000,0x000000076b400000,0x000000076f400000)
  from space 10752K, 99% used [0x000000076fe80000,0x00000007708fd7c0,0x0000000770900000)
  to   space 10752K, 0% used [0x000000076f400000,0x000000076f400000,0x000000076fe80000)
 ParOldGen       total 175104K, used 6237K [0x00000006c1c00000, 0x00000006cc700000, 0x000000076b400000)
  object space 175104K, 3% used [0x00000006c1c00000,0x00000006c2217578,0x00000006cc700000)
 Metaspace       used 14070K, capacity 14350K, committed 14592K, reserved 1062912K
  class space    used 1417K, capacity 1520K, committed 1536K, reserved 1048576K
}
Event: 2.774 GC heap before
{Heap before GC invocations=3 (full 0):
 PSYoungGen      total 76288K, used 76277K [0x000000076b400000, 0x0000000774900000, 0x00000007c0000000)
  eden space 65536K, 100% used [0x000000076b400000,0x000000076f400000,0x000000076f400000)
  from space 10752K, 99% used [0x000000076fe80000,0x00000007708fd7c0,0x0000000770900000)
  to   space 10752K, 0% used [0x000000076f400000,0x000000076f400000,0x000000076fe80000)
 ParOldGen       total 175104K, used 6237K [0x00000006c1c00000, 0x00000006cc700000, 0x000000076b400000)
  object space 175104K, 3% used [0x00000006c1c00000,0x00000006c2217578,0x00000006cc700000)
 Metaspace       used 16900K, capacity 17360K, committed 17664K, reserved 1064960K
  class space    used 1808K, capacity 1939K, committed 2048K, reserved 1048576K
Event: 2.789 GC heap after
Heap after GC invocations=3 (full 0):
 PSYoungGen      total 76288K, used 10741K [0x000000076b400000, 0x0000000774900000, 0x00000007c0000000)
  eden space 65536K, 0% used [0x000000076b400000,0x000000076b400000,0x000000076f400000)
  from space 10752K, 99% used [0x000000076f400000,0x000000076fe7d7c0,0x000000076fe80000)
  to   space 10752K, 0% used [0x0000000773e80000,0x0000000773e80000,0x0000000774900000)
 ParOldGen       total 175104K, used 13167K [0x00000006c1c00000, 0x00000006cc700000, 0x000000076b400000)
  object space 175104K, 7% used [0x00000006c1c00000,0x00000006c28dbf80,0x00000006cc700000)
 Metaspace       used 16900K, capacity 17360K, committed 17664K, reserved 1064960K
  class space    used 1808K, capacity 1939K, committed 2048K, reserved 1048576K
}
Event: 3.581 GC heap before
{Heap before GC invocations=4 (full 0):
 PSYoungGen      total 76288K, used 63218K [0x000000076b400000, 0x0000000774900000, 0x00000007c0000000)
  eden space 65536K, 80% used [0x000000076b400000,0x000000076e73f068,0x000000076f400000)
  from space 10752K, 99% used [0x000000076f400000,0x000000076fe7d7c0,0x000000076fe80000)
  to   space 10752K, 0% used [0x0000000773e80000,0x0000000773e80000,0x0000000774900000)
 ParOldGen       total 175104K, used 13167K [0x00000006c1c00000, 0x00000006cc700000, 0x000000076b400000)
  object space 175104K, 7% used [0x00000006c1c00000,0x00000006c28dbf80,0x00000006cc700000)
 Metaspace       used 19983K, capacity 21218K, committed 21248K, reserved 1069056K
  class space    used 2295K, capacity 2548K, committed 2560K, reserved 1048576K
Event: 3.592 GC heap after
Heap after GC invocations=4 (full 0):
 PSYoungGen      total 141824K, used 10741K [0x000000076b400000, 0x0000000774900000, 0x00000007c0000000)
  eden space 131072K, 0% used [0x000000076b400000,0x000000076b400000,0x0000000773400000)
  from space 10752K, 99% used [0x0000000773e80000,0x00000007748fd7e0,0x0000000774900000)
  to   space 10752K, 0% used [0x0000000773400000,0x0000000773400000,0x0000000773e80000)
 ParOldGen       total 175104K, used 18169K [0x00000006c1c00000, 0x00000006cc700000, 0x000000076b400000)
  object space 175104K, 10% used [0x00000006c1c00000,0x00000006c2dbe5c0,0x00000006cc700000)
 Metaspace       used 19983K, capacity 21218K, committed 21248K, reserved 1069056K
  class space    used 2295K, capacity 2548K, committed 2560K, reserved 1048576K
}
Event: 3.592 GC heap before
{Heap before GC invocations=5 (full 1):
 PSYoungGen      total 141824K, used 10741K [0x000000076b400000, 0x0000000774900000, 0x00000007c0000000)
  eden space 131072K, 0% used [0x000000076b400000,0x000000076b400000,0x0000000773400000)
  from space 10752K, 99% used [0x0000000773e80000,0x00000007748fd7e0,0x0000000774900000)
  to   space 10752K, 0% used [0x0000000773400000,0x0000000773400000,0x0000000773e80000)
 ParOldGen       total 175104K, used 18169K [0x00000006c1c00000, 0x00000006cc700000, 0x000000076b400000)
  object space 175104K, 10% used [0x00000006c1c00000,0x00000006c2dbe5c0,0x00000006cc700000)
 Metaspace       used 19983K, capacity 21218K, committed 21248K, reserved 1069056K
  class space    used 2295K, capacity 2548K, committed 2560K, reserved 1048576K
Event: 3.645 GC heap after
Heap after GC invocations=5 (full 1):
 PSYoungGen      total 141824K, used 0K [0x000000076b400000, 0x0000000774900000, 0x00000007c0000000)
  eden space 131072K, 0% used [0x000000076b400000,0x000000076b400000,0x0000000773400000)
  from space 10752K, 0% used [0x0000000773e80000,0x0000000773e80000,0x0000000774900000)
  to   space 10752K, 0% used [0x0000000773400000,0x0000000773400000,0x0000000773e80000)
 ParOldGen       total 127488K, used 22366K [0x00000006c1c00000, 0x00000006c9880000, 0x000000076b400000)
  object space 127488K, 17% used [0x00000006c1c00000,0x00000006c31d7af8,0x00000006c9880000)
 Metaspace       used 19983K, capacity 21218K, committed 21248K, reserved 1069056K
  class space    used 2295K, capacity 2548K, committed 2560K, reserved 1048576K
}

Deoptimization events (10 events):
Event: 4.229 Thread 0x0000000003314800 Uncommon trap: reason=class_check action=maybe_recompile pc=0x00000000037b9594 method=java.util.jar.JarFile.getJarEntry(Ljava/lang/String;)Ljava/util/jar/JarEntry; @ 2
Event: 4.304 Thread 0x0000000003314800 Uncommon trap: reason=range_check action=make_not_entrant pc=0x0000000003d062a8 method=sun.reflect.generics.parser.SignatureParser.current()C @ 34
Event: 4.312 Thread 0x0000000003314800 Uncommon trap: reason=unstable_if action=reinterpret pc=0x0000000003eb0548 method=jdk.internal.org.objectweb.asm.Type.getArgumentsAndReturnSizes(Ljava/lang/String;)I @ 41
Event: 4.363 Thread 0x0000000003314800 Uncommon trap: reason=unloaded action=reinterpret pc=0x0000000004007ac4 method=org.aspectj.apache.bcel.classfile.Attribute.readAttribute(Ljava/io/DataInputStream;Lorg/aspectj/apache/bcel/classfile/ConstantPool;)Lorg/aspectj/apache/bcel/classfile/Attribute
Event: 4.614 Thread 0x0000000003314800 Uncommon trap: reason=class_check action=maybe_recompile pc=0x000000000381def8 method=java.io.BufferedInputStream.read1([BII)I @ 39
Event: 4.614 Thread 0x0000000003314800 Uncommon trap: reason=bimorphic action=maybe_recompile pc=0x00000000040c57dc method=java.io.BufferedInputStream.read1([BII)I @ 39
Event: 4.646 Thread 0x0000000003314800 Uncommon trap: reason=bimorphic action=maybe_recompile pc=0x00000000040d2854 method=java.io.BufferedInputStream.read1([BII)I @ 39
Event: 4.646 Thread 0x0000000003314800 Uncommon trap: reason=bimorphic action=maybe_recompile pc=0x00000000040d2854 method=java.io.BufferedInputStream.read1([BII)I @ 39
Event: 4.646 Thread 0x0000000003314800 Uncommon trap: reason=bimorphic action=maybe_recompile pc=0x00000000040d2854 method=java.io.BufferedInputStream.read1([BII)I @ 39
Event: 4.646 Thread 0x0000000003314800 Uncommon trap: reason=bimorphic action=maybe_recompile pc=0x00000000040c57dc method=java.io.BufferedInputStream.read1([BII)I @ 39

Classes redefined (0 events):
No events

Internal exceptions (10 events):
Event: 3.432 Thread 0x0000000003314800 Exception <a 'java/lang/IncompatibleClassChangeError': Found class java.lang.Object, but interface was expected> (0x000000076d1175a8) thrown at [C:\re\workspace\8-2-build-windows-amd64-cygwin\jdk8u161\10277\hotspot\src\share\vm\interpreter\linkResolver.cp
Event: 4.289 Thread 0x0000000003314800 Exception <a 'java/lang/IncompatibleClassChangeError': Found class java.lang.Object, but interface was expected> (0x000000076dde1b08) thrown at [C:\re\workspace\8-2-build-windows-amd64-cygwin\jdk8u161\10277\hotspot\src\share\vm\interpreter\linkResolver.cp
Event: 4.304 Thread 0x0000000003314800 Exception <a 'java/lang/ArrayIndexOutOfBoundsException': 18> (0x000000076e080570) thrown at [C:\re\workspace\8-2-build-windows-amd64-cygwin\jdk8u161\10277\hotspot\src\share\vm\interpreter\interpreterRuntime.cpp, line 366]
Event: 4.304 Thread 0x0000000003314800 Exception <a 'java/lang/ArrayIndexOutOfBoundsException': 110> (0x000000076e083438) thrown at [C:\re\workspace\8-2-build-windows-amd64-cygwin\jdk8u161\10277\hotspot\src\share\vm\interpreter\interpreterRuntime.cpp, line 366]
Event: 4.305 Thread 0x0000000003314800 Exception <a 'java/lang/ArrayIndexOutOfBoundsException': 60> (0x000000076e086df8) thrown at [C:\re\workspace\8-2-build-windows-amd64-cygwin\jdk8u161\10277\hotspot\src\share\vm\interpreter\interpreterRuntime.cpp, line 366]
Event: 4.305 Thread 0x0000000003314800 Exception <a 'java/lang/ArrayIndexOutOfBoundsException': 67> (0x000000076e08d750) thrown at [C:\re\workspace\8-2-build-windows-amd64-cygwin\jdk8u161\10277\hotspot\src\share\vm\interpreter\interpreterRuntime.cpp, line 366]
Event: 4.305 Thread 0x0000000003314800 Exception <a 'java/lang/ArrayIndexOutOfBoundsException': 88> (0x000000076e08f168) thrown at [C:\re\workspace\8-2-build-windows-amd64-cygwin\jdk8u161\10277\hotspot\src\share\vm\interpreter\interpreterRuntime.cpp, line 366]
Event: 4.307 Thread 0x0000000003314800 Exception <a 'java/lang/ArrayIndexOutOfBoundsException': 92> (0x000000076e0a3650) thrown at [C:\re\workspace\8-2-build-windows-amd64-cygwin\jdk8u161\10277\hotspot\src\share\vm\interpreter\interpreterRuntime.cpp, line 366]
Event: 4.307 Thread 0x0000000003314800 Exception <a 'java/lang/ArrayIndexOutOfBoundsException': 57> (0x000000076e0b4770) thrown at [C:\re\workspace\8-2-build-windows-amd64-cygwin\jdk8u161\10277\hotspot\src\share\vm\interpreter\interpreterRuntime.cpp, line 366]
Event: 4.377 Thread 0x0000000003314800 Exception <a 'java/lang/NoSuchMethodError': java.lang.Object.lambda$chars$0()Ljava/util/Spliterator$OfInt;> (0x000000076e911dd8) thrown at [C:\re\workspace\8-2-build-windows-amd64-cygwin\jdk8u161\10277\hotspot\src\share\vm\interpreter\linkResolver.cpp, li

Events (10 events):
Event: 4.696 loading class okhttp3/internal/http/CallServerInterceptor$CountingSink done
Event: 4.698 loading class okio/ForwardingSink
Event: 4.698 loading class okio/ForwardingSink done
Event: 4.699 loading class okhttp3/internal/http1/Http1Codec$FixedLengthSink
Event: 4.699 loading class okhttp3/internal/http1/Http1Codec$FixedLengthSink done
Event: 4.700 loading class okio/ForwardingTimeout
Event: 4.700 loading class okio/ForwardingTimeout done
Event: 4.701 loading class okio/AsyncTimeout$Watchdog
Event: 4.701 loading class okio/AsyncTimeout$Watchdog done
Event: 4.702 Thread 0x000000002180d000 Thread added: 0x000000002180d000


Dynamic libraries:
0x00007ff7a33d0000 - 0x00007ff7a3407000 	D:\java\jdk1.8.0_161\bin\java.exe
0x00007ffaea790000 - 0x00007ffaea985000 	C:\WINDOWS\SYSTEM32\ntdll.dll
0x00007ffae8f00000 - 0x00007ffae8fbd000 	C:\WINDOWS\System32\KERNEL32.DLL
0x00007ffae7300000 - 0x00007ffae75c9000 	C:\WINDOWS\System32\KERNELBASE.dll
0x00007ffaea460000 - 0x00007ffaea50c000 	C:\WINDOWS\System32\ADVAPI32.dll
0x00007ffae8fc0000 - 0x00007ffae905e000 	C:\WINDOWS\System32\msvcrt.dll
0x00007ffae7e10000 - 0x00007ffae7eac000 	C:\WINDOWS\System32\sechost.dll
0x00007ffae8890000 - 0x00007ffae89bb000 	C:\WINDOWS\System32\RPCRT4.dll
0x00007ffae8af0000 - 0x00007ffae8c90000 	C:\WINDOWS\System32\USER32.dll
0x00007ffae78e0000 - 0x00007ffae7902000 	C:\WINDOWS\System32\win32u.dll
0x00007ffaea720000 - 0x00007ffaea74a000 	C:\WINDOWS\System32\GDI32.dll
0x00007ffae7ac0000 - 0x00007ffae7bcb000 	C:\WINDOWS\System32\gdi32full.dll
0x00007ffae75d0000 - 0x00007ffae766d000 	C:\WINDOWS\System32\msvcp_win.dll
0x00007ffae7200000 - 0x00007ffae7300000 	C:\WINDOWS\System32\ucrtbase.dll
0x00007ffada4c0000 - 0x00007ffada75a000 	C:\WINDOWS\WinSxS\amd64_microsoft.windows.common-controls_6595b64144ccf1df_6.0.19041.844_none_ca00b6081b84eb1d\COMCTL32.dll
0x00007ffae9820000 - 0x00007ffae9850000 	C:\WINDOWS\System32\IMM32.DLL
0x0000000062d90000 - 0x0000000062e62000 	D:\java\jdk1.8.0_161\jre\bin\msvcr100.dll
0x00000000624f0000 - 0x0000000062d8f000 	D:\java\jdk1.8.0_161\jre\bin\server\jvm.dll
0x00007ffae9070000 - 0x00007ffae9078000 	C:\WINDOWS\System32\PSAPI.DLL
0x00007ffacb630000 - 0x00007ffacb639000 	C:\WINDOWS\SYSTEM32\WSOCK32.dll
0x00007ffaddbf0000 - 0x00007ffaddbfa000 	C:\WINDOWS\SYSTEM32\VERSION.dll
0x00007ffaddbb0000 - 0x00007ffaddbd7000 	C:\WINDOWS\SYSTEM32\WINMM.dll
0x00007ffae9600000 - 0x00007ffae966b000 	C:\WINDOWS\System32\WS2_32.dll
0x00000000624e0000 - 0x00000000624ef000 	D:\java\jdk1.8.0_161\jre\bin\verify.dll
0x00000000624b0000 - 0x00000000624d9000 	D:\java\jdk1.8.0_161\jre\bin\java.dll
0x0000000061ce0000 - 0x0000000061d03000 	D:\java\jdk1.8.0_161\jre\bin\instrument.dll
0x0000000062490000 - 0x00000000624a6000 	D:\java\jdk1.8.0_161\jre\bin\zip.dll
0x00007ffae99b0000 - 0x00007ffaea0f2000 	C:\WINDOWS\System32\SHELL32.dll
0x00007ffae5490000 - 0x00007ffae5c20000 	C:\WINDOWS\SYSTEM32\windows.storage.dll
0x00007ffaea100000 - 0x00007ffaea455000 	C:\WINDOWS\System32\combase.dll
0x00007ffae6c50000 - 0x00007ffae6c7c000 	C:\WINDOWS\SYSTEM32\Wldp.dll
0x00007ffae9170000 - 0x00007ffae921e000 	C:\WINDOWS\System32\SHCORE.dll
0x00007ffae9080000 - 0x00007ffae90d5000 	C:\WINDOWS\System32\shlwapi.dll
0x00007ffae7120000 - 0x00007ffae713f000 	C:\WINDOWS\SYSTEM32\profapi.dll
0x00007ffae0040000 - 0x00007ffae005a000 	C:\Program Files\JetBrains\IntelliJ IDEA 2020.2.4\bin\breakgen64.dll
0x0000000062f90000 - 0x0000000062faa000 	D:\java\jdk1.8.0_161\jre\bin\net.dll
0x00007ffae69d0000 - 0x00007ffae6a3a000 	C:\WINDOWS\system32\mswsock.dll
0x00007ffae6bb0000 - 0x00007ffae6bc8000 	C:\WINDOWS\SYSTEM32\CRYPTSP.dll
0x00007ffae6350000 - 0x00007ffae6384000 	C:\WINDOWS\system32\rsaenh.dll
0x00007ffae7bd0000 - 0x00007ffae7bf7000 	C:\WINDOWS\System32\bcrypt.dll
0x00007ffae70e0000 - 0x00007ffae710e000 	C:\WINDOWS\SYSTEM32\USERENV.dll
0x00007ffae7820000 - 0x00007ffae78a0000 	C:\WINDOWS\System32\bcryptprimitives.dll
0x00007ffae6ba0000 - 0x00007ffae6bac000 	C:\WINDOWS\SYSTEM32\CRYPTBASE.dll
0x00007ffae66c0000 - 0x00007ffae66fb000 	C:\WINDOWS\SYSTEM32\IPHLPAPI.DLL
0x00007ffae9060000 - 0x00007ffae9068000 	C:\WINDOWS\System32\NSI.dll
0x00007ffadf380000 - 0x00007ffadf397000 	C:\WINDOWS\SYSTEM32\dhcpcsvc6.DLL
0x00007ffadf360000 - 0x00007ffadf37d000 	C:\WINDOWS\SYSTEM32\dhcpcsvc.DLL
0x00007ffae6700000 - 0x00007ffae67cb000 	C:\WINDOWS\SYSTEM32\DNSAPI.dll
0x0000000062f70000 - 0x0000000062f81000 	D:\java\jdk1.8.0_161\jre\bin\nio.dll
0x00007ffae2060000 - 0x00007ffae2077000 	C:\WINDOWS\system32\napinsp.dll
0x00007ffae2040000 - 0x00007ffae205b000 	C:\WINDOWS\system32\pnrpnsp.dll
0x00007ffae2860000 - 0x00007ffae2875000 	C:\WINDOWS\system32\wshbth.dll
0x00007ffadf720000 - 0x00007ffadf73d000 	C:\WINDOWS\system32\NLAapi.dll
0x00007ffae2020000 - 0x00007ffae2032000 	C:\WINDOWS\System32\winrnr.dll
0x00007ffadfd80000 - 0x00007ffadfd8a000 	C:\Windows\System32\rasadhlp.dll
0x00007ffada9d0000 - 0x00007ffadaa4f000 	C:\WINDOWS\System32\fwpuclnt.dll
0x0000000062f60000 - 0x0000000062f6d000 	D:\java\jdk1.8.0_161\jre\bin\management.dll
0x0000000062f30000 - 0x0000000062f54000 	D:\java\jdk1.8.0_161\jre\bin\sunec.dll
0x0000000062f20000 - 0x0000000062f2b000 	D:\java\jdk1.8.0_161\jre\bin\sunmscapi.dll
0x00007ffae7910000 - 0x00007ffae7a6f000 	C:\WINDOWS\System32\CRYPT32.dll

VM Arguments:
jvm_args: -ea -javaagent:C:\Users\Administrator\.m2\repository/org/aspectj/aspectjweaver/1.8.10/aspectjweaver-1.8.10.jar -Didea.test.cyclic.buffer.size=1048576 -javaagent:C:\Program Files\JetBrains\IntelliJ IDEA 2020.2.4\lib\idea_rt.jar=29360:C:\Program Files\JetBrains\IntelliJ IDEA 2020.2.4\bin -Dfile.encoding=UTF-8 
java_command: com.intellij.rt.junit.JUnitStarter -ideVersion5 -junit5 WxTest,testAddMember(java.lang.String,java.lang.String)
java_class_path (initial): C:\Program Files\JetBrains\IntelliJ IDEA 2020.2.4\lib\idea_rt.jar;C:\Users\Administrator\.m2\repository\org\junit\vintage\junit-vintage-engine\5.8.0-M1\junit-vintage-engine-5.8.0-M1.jar;C:\Program Files\JetBrains\IntelliJ IDEA 2020.2.4\plugins\junit\lib\junit5-rt.jar;C:\Program Files\JetBrains\IntelliJ IDEA 2020.2.4\plugins\junit\lib\junit-rt.jar;D:\java\jdk1.8.0_161\jre\lib\charsets.jar;D:\java\jdk1.8.0_161\jre\lib\deploy.jar;D:\java\jdk1.8.0_161\jre\lib\ext\access-bridge-64.jar;D:\java\jdk1.8.0_161\jre\lib\ext\cldrdata.jar;D:\java\jdk1.8.0_161\jre\lib\ext\dnsns.jar;D:\java\jdk1.8.0_161\jre\lib\ext\jaccess.jar;D:\java\jdk1.8.0_161\jre\lib\ext\jfxrt.jar;D:\java\jdk1.8.0_161\jre\lib\ext\localedata.jar;D:\java\jdk1.8.0_161\jre\lib\ext\nashorn.jar;D:\java\jdk1.8.0_161\jre\lib\ext\sunec.jar;D:\java\jdk1.8.0_161\jre\lib\ext\sunjce_provider.jar;D:\java\jdk1.8.0_161\jre\lib\ext\sunmscapi.jar;D:\java\jdk1.8.0_161\jre\lib\ext\sunpkcs11.jar;D:\java\jdk1.8.0_161\jre\lib\ext\zipfs.jar;D:\java\jdk1.8.0_161\jre\lib\javaws.jar;D:\java\jdk1.8.0_161\jre\lib\jce.jar;D:\java\jdk1.8.0_161\jre\lib\jfr.jar;D:\java\jdk1.8.0_161\jre\lib\jfxswt.jar;D:\java\jdk1.8.0_161\jre\lib\jsse.jar;D:\java\jdk1.8.0_161\jre\lib\management-agent.jar;D:\java\jdk1.8.0_161\jre\lib\plugin.jar;D:\java\jdk1.8.0_161\jre\lib\resources.jar;D:\java\jdk1.8.0_161\jre\lib\rt.jar;H:\ideawork\seleniumCoding\PageObjzcc\target\test-classes;H:\ideawork\seleniumCoding\PageObjzcc\target\classes;C:\Users\Administrator\.m2\repository\org\junit\jupiter\junit-jupiter\5.8.0-M1\junit-jupiter-5.8.0-M1.jar;C:\Users\Administrator\.m2\repository\org\junit\jupiter\junit-jupiter-api\5.8.0-M1\junit-jupiter-api-5.8.0-M1.jar;C:\Users\Administrator\.m2\repository\org\opentest4j\opentest4j\1.2.0\opentest4j-1.2.0.jar;C:\Users\Administrator\.m2\repository\org\junit\platform\junit-platform-commons\1.8.0-M1\junit-platform-commons-1.8.0-M1.jar;C:\Users\Administrator\.m2\repository\org\junit\jupiter\junit-jupiter-param
Launcher Type: SUN_STANDARD

Environment Variables:
JAVA_HOME=C:\Program Files\Java\jdk1.8.0_111
CLASSPATH=.;C:\Program Files\Java\jdk1.8.0_111\lib;C:\Program Files\Java\jdk1.8.0_111\lib\tools.jar
PATH=C:\Program Files (x86)\NetSarang\Xshell 6\;%CommonProgramFiles%\Microsoft Shared\Windows Live;C:\Program Files\Java\jdk1.8.0_111\bin;C:\Program Files (x86)\NVIDIA Corporation\PhysX\Common;C:\Program Files\Python36\Scripts\;C:\Program Files\Python36\;D:\app\Administrator\product\11.2.0\dbhome_1\bin;C:\windows\system32\;C:\WINDOWS;C:\WINDOWS\system32\wbem;C:\Program Files (x86)\QuickTime\QTSystem\;C:\Program Files\TortoiseSVN\bin;C:\Program Files\Python36\Lib\site-packages\pip-18.0-py3.6.egg;C:\Program Files (x86)\Google\Chrome\Application;C:\strawberry\c\bin;C:\strawberry\perl\bin;D:\apache-maven-3.3.9\bin;D:\apache-tomcat-8.5.28\bin;C:\Program Files\MongoDB\Server\3.2\bin;D:\nodejs;D:\apache-jmeter-5.2.1\bin;H:\allure-2.13.3\bin;C:\Driver;D:\java\android-sdk-windows\platform-tools;D:\java\android-sdk-windows\tools;D:\nodejs\node_global;C:\WINDOWS\system32;C:\WINDOWS\System32\Wbem;C:\WINDOWS\System32\WindowsPowerShell\v1.0\;C:\WINDOWS\System32\OpenSSH\;D:\nodejs\;D:\Program Files (x86)\Nox\bin;F:\Program Files (x86)\Appium\node_modules\.bin;F:\Program Files (x86)\Appium;C:\Program Files\TortoiseGit\bin;C:\ProgramData\chocolatey\bin;C:\Program Files (x86)\NetSarang\Xshell 7\;D:\apache-jmeter-5.2.1\bin;E:\Program Files\Git\bin;C:\Program Files\Common Files\Microsoft Shared\Windows Live;C:\Program Files\erl8.1\bin;C:\Users\Administrator\AppData\Local\Programs\Fiddler;C:\Users\Administrator\AppData\Local\BypassRuntm;D:\Program Files\IntelliJ IDEA 2019\bin;C:\Users\Administrator\AppData\Local\Microsoft\WindowsApps;C:\Users\Administrator\AppData\Roaming\npm
USERNAME=zhangcheng
OS=Windows_NT
PROCESSOR_IDENTIFIER=Intel64 Family 6 Model 60 Stepping 3, GenuineIntel



---------------  S Y S T E M  ---------------

OS: Windows 10.0 , 64 bit Build 19041 (10.0.19041.804)

CPU:total 8 (initial active 8) (4 cores per cpu, 2 threads per core) family 6 model 60 stepping 3, cmov, cx8, fxsr, mmx, sse, sse2, sse3, ssse3, sse4.1, sse4.2, popcnt, avx, avx2, aes, clmul, erms, lzcnt, ht, tsc, tscinvbit, bmi1, bmi2

Memory: 4k page, physical 16658488k(355668k free), swap 18755640k(6024k free)

vm_info: Java HotSpot(TM) 64-Bit Server VM (25.161-b12) for windows-amd64 JRE (1.8.0_161-b12), built on Dec 19 2017 17:52:25 by "java_re" with MS VC++ 10.0 (VS2010)

time: Mon Mar 15 17:10:05 2021
elapsed time: 4 seconds (0d 0h 0m 4s)

