#
# There is insufficient memory for the Java Runtime Environment to continue.
# Native memory allocation (malloc) failed to allocate 1362720 bytes for Chunk::new
# Possible reasons:
#   The system is out of physical RAM or swap space
#   In 32 bit mode, the process size limit was hit
# Possible solutions:
#   Reduce memory load on the system
#   Increase physical memory or swap space
#   Check if swap backing store is full
#   Use 64 bit Java on a 64 bit OS
#   Decrease Java heap size (-Xmx/-Xms)
#   Decrease number of Java threads
#   Decrease Java thread stack sizes (-Xss)
#   Set larger code cache with -XX:ReservedCodeCacheSize=
# This output file may be truncated or incomplete.
#
#  Out of Memory Error (allocation.cpp:390), pid=11516, tid=0x0000000000001d28
#
# JRE version: Java(TM) SE Runtime Environment (8.0_161-b12) (build 1.8.0_161-b12)
# Java VM: Java HotSpot(TM) 64-Bit Server VM (25.161-b12 mixed mode windows-amd64 compressed oops)
# Failed to write core dump. Minidumps are not enabled by default on client versions of Windows
#

---------------  T H R E A D  ---------------

Current thread (0x000000001f4c9800):  JavaThread "C2 CompilerThread1" daemon [_thread_in_native, id=7464, stack(0x000000001fbc0000,0x000000001fcc0000)]

Stack: [0x000000001fbc0000,0x000000001fcc0000]
[error occurred during error reporting (printing stack bounds), id 0xc0000005]

Native frames: (J=compiled Java code, j=interpreted, Vv=VM code, C=native code)


Current CompileTask:
C2:   5685 1469       4       sun.misc.URLClassPath::getResource (83 bytes)


---------------  P R O C E S S  ---------------

Java Threads: ( => current thread )
  0x000000001f4fe000 JavaThread "Service Thread" daemon [_thread_blocked, id=1748, stack(0x000000001fec0000,0x000000001ffc0000)]
  0x000000001f45c800 JavaThread "C1 CompilerThread3" daemon [_thread_in_native, id=1988, stack(0x000000001fdc0000,0x000000001fec0000)]
  0x000000001f45c000 JavaThread "C2 CompilerThread2" daemon [_thread_in_native, id=16328, stack(0x000000001fcc0000,0x000000001fdc0000)]
=>0x000000001f4c9800 JavaThread "C2 CompilerThread1" daemon [_thread_in_native, id=7464, stack(0x000000001fbc0000,0x000000001fcc0000)]
  0x000000001f505000 JavaThread "C2 CompilerThread0" daemon [_thread_in_native, id=22332, stack(0x000000001fac0000,0x000000001fbc0000)]
  0x000000001f2e4000 JavaThread "Monitor Ctrl-Break" daemon [_thread_in_native, id=6364, stack(0x000000001f9c0000,0x000000001fac0000)]
  0x000000001eafa800 JavaThread "Attach Listener" daemon [_thread_blocked, id=21696, stack(0x000000001f0c0000,0x000000001f1c0000)]
  0x000000001eaa0000 JavaThread "Signal Dispatcher" daemon [_thread_blocked, id=12752, stack(0x000000001efc0000,0x000000001f0c0000)]
  0x000000001cb75800 JavaThread "Finalizer" daemon [_thread_blocked, id=16700, stack(0x000000001ee60000,0x000000001ef60000)]
  0x000000001cb6e800 JavaThread "Reference Handler" daemon [_thread_blocked, id=18336, stack(0x000000001e960000,0x000000001ea60000)]
  0x0000000002e75800 JavaThread "main" [_thread_in_vm, id=21484, stack(0x0000000002d70000,0x0000000002e70000)]

Other Threads:
  0x000000001cb66800 VMThread [stack: 0x000000001e860000,0x000000001e960000] [id=6256]
  0x000000001f598800 WatcherThread [stack: 0x000000001ffc0000,0x00000000200c0000] [id=15712]

VM state:not at safepoint (normal execution)

VM Mutex/Monitor currently owned by a thread:  ([mutex/lock_event])
[0x0000000002e79c90] CodeCache_lock - owner thread: 0x000000001f45c800
[0x0000000002e742b0] Compile_lock - owner thread: 0x000000001f45c800
[0x0000000002e74eb0] MethodCompileQueue_lock - owner thread: 0x000000001f45c800

Heap:
 PSYoungGen      total 76288K, used 71817K [0x000000076b400000, 0x0000000774900000, 0x00000007c0000000)
  eden space 65536K, 93% used [0x000000076b400000,0x000000076efa33b8,0x000000076f400000)
  from space 10752K, 99% used [0x000000076fe80000,0x00000007708ff118,0x0000000770900000)
  to   space 10752K, 0% used [0x000000076f400000,0x000000076f400000,0x000000076fe80000)
 ParOldGen       total 175104K, used 6367K [0x00000006c1c00000, 0x00000006cc700000, 0x000000076b400000)
  object space 175104K, 3% used [0x00000006c1c00000,0x00000006c2237e18,0x00000006cc700000)
 Metaspace       used 17107K, capacity 17732K, committed 17920K, reserved 1064960K
  class space    used 1845K, capacity 2000K, committed 2048K, reserved 1048576K

Card table byte_map: [0x00000000124c0000,0x0000000012cc0000] byte_map_base: 0x000000000eeb2000

Marking Bits: (ParMarkBitMap*) 0x000000005956f860
 Begin Bits: [0x0000000013a10000, 0x00000000179a0000)
 End Bits:   [0x00000000179a0000, 0x000000001b930000)

Polling page: 0x00000000028d0000

CodeCache: size=245760Kb used=8452Kb max_used=8452Kb free=237307Kb
 bounds [0x0000000003100000, 0x0000000003950000, 0x0000000012100000]
 total_blobs=2208 nmethods=1836 adapters=284
 compilation: enabled

Compilation events (10 events):
Event: 5.658 Thread 0x000000001f45c800 nmethod 1853 0x00000000039299d0 code [0x0000000003929b20, 0x0000000003929c30]
Event: 5.658 Thread 0x000000001f45c800 1854       3       java.lang.reflect.Executable::<init> (5 bytes)
Event: 5.659 Thread 0x000000001f45c800 nmethod 1854 0x0000000003929c90 code [0x0000000003929e00, 0x000000000392a010]
Event: 5.659 Thread 0x000000001f45c800 1855       3       java.lang.Class::forName (53 bytes)
Event: 5.660 Thread 0x000000001f45c800 nmethod 1855 0x000000000392a110 code [0x000000000392a2c0, 0x000000000392a968]
Event: 5.666 Thread 0x000000001f45c800 1856       3       sun.invoke.util.BytecodeDescriptor::unparseMethod (68 bytes)
Event: 5.668 Thread 0x000000001f45c800 nmethod 1856 0x000000000392abd0 code [0x000000000392ae80, 0x000000000392c1b8]
Event: 5.668 Thread 0x000000001f45c800 1857       3       java.lang.invoke.LambdaForm::prepare (43 bytes)
Event: 5.669 Thread 0x000000001f45c800 nmethod 1857 0x000000000392cd90 code [0x000000000392cf20, 0x000000000392d268]
Event: 5.669 Thread 0x000000001f45c800 1859       3       java.lang.invoke.InvokerBytecodeGenerator::loadInsnOpcode (86 bytes)

GC Heap History (4 events):
Event: 2.756 GC heap before
{Heap before GC invocations=1 (full 0):
 PSYoungGen      total 76288K, used 65536K [0x000000076b400000, 0x0000000770900000, 0x00000007c0000000)
  eden space 65536K, 100% used [0x000000076b400000,0x000000076f400000,0x000000076f400000)
  from space 10752K, 0% used [0x000000076fe80000,0x000000076fe80000,0x0000000770900000)
  to   space 10752K, 0% used [0x000000076f400000,0x000000076f400000,0x000000076fe80000)
 ParOldGen       total 175104K, used 0K [0x00000006c1c00000, 0x00000006cc700000, 0x000000076b400000)
  object space 175104K, 0% used [0x00000006c1c00000,0x00000006c1c00000,0x00000006cc700000)
 Metaspace       used 11474K, capacity 11758K, committed 11904K, reserved 1060864K
  class space    used 1214K, capacity 1296K, committed 1408K, reserved 1048576K
Event: 2.770 GC heap after
Heap after GC invocations=1 (full 0):
 PSYoungGen      total 76288K, used 9703K [0x000000076b400000, 0x0000000770900000, 0x00000007c0000000)
  eden space 65536K, 0% used [0x000000076b400000,0x000000076b400000,0x000000076f400000)
  from space 10752K, 90% used [0x000000076f400000,0x000000076fd79c68,0x000000076fe80000)
  to   space 10752K, 0% used [0x000000076fe80000,0x000000076fe80000,0x0000000770900000)
 ParOldGen       total 175104K, used 16K [0x00000006c1c00000, 0x00000006cc700000, 0x000000076b400000)
  object space 175104K, 0% used [0x00000006c1c00000,0x00000006c1c04000,0x00000006cc700000)
 Metaspace       used 11474K, capacity 11758K, committed 11904K, reserved 1060864K
  class space    used 1214K, capacity 1296K, committed 1408K, reserved 1048576K
}
Event: 4.110 GC heap before
{Heap before GC invocations=2 (full 0):
 PSYoungGen      total 76288K, used 75239K [0x000000076b400000, 0x0000000770900000, 0x00000007c0000000)
  eden space 65536K, 100% used [0x000000076b400000,0x000000076f400000,0x000000076f400000)
  from space 10752K, 90% used [0x000000076f400000,0x000000076fd79c68,0x000000076fe80000)
  to   space 10752K, 0% used [0x000000076fe80000,0x000000076fe80000,0x0000000770900000)
 ParOldGen       total 175104K, used 16K [0x00000006c1c00000, 0x00000006cc700000, 0x000000076b400000)
  object space 175104K, 0% used [0x00000006c1c00000,0x00000006c1c04000,0x00000006cc700000)
 Metaspace       used 14136K, capacity 14414K, committed 14592K, reserved 1062912K
  class space    used 1424K, capacity 1520K, committed 1536K, reserved 1048576K
Event: 4.148 GC heap after
Heap after GC invocations=2 (full 0):
 PSYoungGen      total 76288K, used 10748K [0x000000076b400000, 0x0000000774900000, 0x00000007c0000000)
  eden space 65536K, 0% used [0x000000076b400000,0x000000076b400000,0x000000076f400000)
  from space 10752K, 99% used [0x000000076fe80000,0x00000007708ff118,0x0000000770900000)
  to   space 10752K, 0% used [0x000000076f400000,0x000000076f400000,0x000000076fe80000)
 ParOldGen       total 175104K, used 6367K [0x00000006c1c00000, 0x00000006cc700000, 0x000000076b400000)
  object space 175104K, 3% used [0x00000006c1c00000,0x00000006c2237e18,0x00000006cc700000)
 Metaspace       used 14136K, capacity 14414K, committed 14592K, reserved 1062912K
  class space    used 1424K, capacity 1520K, committed 1536K, reserved 1048576K
}

Deoptimization events (10 events):
Event: 4.876 Thread 0x0000000002e75800 Uncommon trap: reason=unstable_if action=reinterpret pc=0x000000000334e280 method=java.util.HashMap.getNode(ILjava/lang/Object;)Ljava/util/HashMap$Node; @ 62
Event: 4.878 Thread 0x0000000002e75800 Uncommon trap: reason=unstable_if action=reinterpret pc=0x00000000032445fc method=java.util.HashMap.getNode(ILjava/lang/Object;)Ljava/util/HashMap$Node; @ 62
Event: 4.922 Thread 0x0000000002e75800 Uncommon trap: reason=unstable_if action=reinterpret pc=0x0000000003680894 method=java.util.HashMap$HashIterator.<init>(Ljava/util/HashMap;)V @ 45
Event: 4.926 Thread 0x0000000002e75800 Uncommon trap: reason=bimorphic action=maybe_recompile pc=0x000000000375b180 method=java.util.HashMap.putVal(ILjava/lang/Object;Ljava/lang/Object;ZZ)Ljava/lang/Object; @ 152
Event: 4.927 Thread 0x0000000002e75800 Uncommon trap: reason=class_check action=maybe_recompile pc=0x000000000375b134 method=java.util.HashMap.putVal(ILjava/lang/Object;Ljava/lang/Object;ZZ)Ljava/lang/Object; @ 253
Event: 4.928 Thread 0x0000000002e75800 Uncommon trap: reason=bimorphic action=maybe_recompile pc=0x000000000375b1c8 method=java.util.HashMap.putVal(ILjava/lang/Object;Ljava/lang/Object;ZZ)Ljava/lang/Object; @ 203
Event: 4.943 Thread 0x0000000002e75800 Uncommon trap: reason=bimorphic action=maybe_recompile pc=0x000000000375b180 method=java.util.HashMap.putVal(ILjava/lang/Object;Ljava/lang/Object;ZZ)Ljava/lang/Object; @ 152
Event: 5.056 Thread 0x0000000002e75800 Uncommon trap: reason=unstable_if action=reinterpret pc=0x00000000035c7074 method=java.lang.String.lastIndexOf([CII[CIII)I @ 66
Event: 5.063 Thread 0x0000000002e75800 Uncommon trap: reason=unstable_if action=reinterpret pc=0x0000000003215f80 method=java.lang.CharacterData.of(I)Ljava/lang/CharacterData; @ 4
Event: 5.472 Thread 0x0000000002e75800 Uncommon trap: reason=predicate action=maybe_recompile pc=0x00000000038e0550 method=org.aspectj.weaver.TypeFactory.locateMatchingEndAngleBracket(Ljava/lang/CharSequence;I)I @ 25

Classes redefined (0 events):
No events

Internal exceptions (10 events):
Event: 2.345 Thread 0x0000000002e75800 Exception <a 'java/lang/NoSuchFieldError': method resolution failed> (0x000000076e4b6790) thrown at [C:\re\workspace\8-2-build-windows-amd64-cygwin\jdk8u161\10277\hotspot\src\share\vm\prims\methodHandles.cpp, line 1167]
Event: 2.702 Thread 0x0000000002e75800 Exception <a 'java/lang/NoClassDefFoundError': org/slf4j/impl/StaticLoggerBinder> (0x000000076f180700) thrown at [C:\re\workspace\8-2-build-windows-amd64-cygwin\jdk8u161\10277\hotspot\src\share\vm\classfile\systemDictionary.cpp, line 199]
Event: 4.150 Thread 0x0000000002e75800 Implicit null exception at 0x0000000003525dfd to 0x000000000352783d
Event: 5.333 Thread 0x0000000002e75800 Exception <a 'java/lang/IncompatibleClassChangeError': Found class java.lang.Object, but interface was expected> (0x000000076e1e8618) thrown at [C:\re\workspace\8-2-build-windows-amd64-cygwin\jdk8u161\10277\hotspot\src\share\vm\interpreter\linkResolver.cp
Event: 5.389 Thread 0x0000000002e75800 Exception <a 'java/lang/NoSuchMethodError': java.lang.Object.lambda$or$2(Ljava/util/function/Predicate;Ljava/lang/Object;)Z> (0x000000076e4f7c10) thrown at [C:\re\workspace\8-2-build-windows-amd64-cygwin\jdk8u161\10277\hotspot\src\share\vm\interpreter\lin
Event: 5.416 Thread 0x0000000002e75800 Exception <a 'java/lang/IncompatibleClassChangeError': Found class java.lang.Object, but interface was expected> (0x000000076e68dd80) thrown at [C:\re\workspace\8-2-build-windows-amd64-cygwin\jdk8u161\10277\hotspot\src\share\vm\interpreter\linkResolver.cp
Event: 5.576 Thread 0x0000000002e75800 Exception <a 'java/lang/NoSuchMethodError': java.lang.Object.lambda$andThen$1(Ljava/util/function/Function;Ljava/lang/Object;)Ljava/lang/Object;> (0x000000076ec7e338) thrown at [C:\re\workspace\8-2-build-windows-amd64-cygwin\jdk8u161\10277\hotspot\src\sha
Event: 5.621 Thread 0x0000000002e75800 Exception <a 'java/lang/IncompatibleClassChangeError': Found class java.lang.Object, but interface was expected> (0x000000076ee5afe8) thrown at [C:\re\workspace\8-2-build-windows-amd64-cygwin\jdk8u161\10277\hotspot\src\share\vm\interpreter\linkResolver.cp
Event: 5.626 Thread 0x0000000002e75800 Exception <a 'java/lang/NoSuchMethodError': java.lang.Object.lambda$ofVoidMethod$0(Lorg/junit/jupiter/engine/execution/ExecutableInvoker$ReflectiveInterceptorCall$VoidMethodInterceptorCall;Lorg/junit/jupiter/api/extension/InvocationInterceptor;Lorg/junit/
Event: 5.653 Thread 0x0000000002e75800 Exception <a 'java/lang/NoSuchMethodError': java.lang.Object.lambda$accept$0(Lorg/junit/platform/engine/TestDescriptor$Visitor;Lorg/junit/platform/engine/TestDescriptor;)V> (0x000000076eeffb50) thrown at [C:\re\workspace\8-2-build-windows-amd64-cygwin\jdk

Events (10 events):
Event: 5.667 loading class org/junit/jupiter/engine/config/JupiterConfiguration
Event: 5.667 loading class org/junit/jupiter/engine/config/JupiterConfiguration done
Event: 5.668 loading class org/junit/jupiter/engine/config/CachingJupiterConfiguration
Event: 5.668 loading class org/junit/jupiter/engine/config/CachingJupiterConfiguration done
Event: 5.668 loading class org/junit/jupiter/engine/descriptor/ClassBasedTestDescriptor
Event: 5.668 loading class org/junit/jupiter/engine/descriptor/ClassBasedTestDescriptor done
Event: 5.669 loading class org/junit/jupiter/api/MethodOrderer
Event: 5.669 loading class org/junit/jupiter/api/MethodOrderer done
Event: 5.669 loading class org/junit/jupiter/engine/discovery/MethodOrderingVisitor
Event: 5.669 loading class org/junit/jupiter/engine/discovery/MethodOrderingVisitor done


Dynamic libraries:
0x00007ff768270000 - 0x00007ff7682a7000 	D:\java\jdk1.8.0_161\bin\java.exe
0x00007ffb248b0000 - 0x00007ffb24aa6000 	C:\WINDOWS\SYSTEM32\ntdll.dll
0x00007ffb24510000 - 0x00007ffb245cd000 	C:\WINDOWS\System32\KERNEL32.DLL
0x00007ffb217d0000 - 0x00007ffb21a99000 	C:\WINDOWS\System32\KERNELBASE.dll
0x00007ffb24460000 - 0x00007ffb2450c000 	C:\WINDOWS\System32\ADVAPI32.dll
0x00007ffb247d0000 - 0x00007ffb2486e000 	C:\WINDOWS\System32\msvcrt.dll
0x00007ffb22350000 - 0x00007ffb223ec000 	C:\WINDOWS\System32\sechost.dll
0x00007ffb24680000 - 0x00007ffb247ab000 	C:\WINDOWS\System32\RPCRT4.dll
0x00007ffb23360000 - 0x00007ffb23500000 	C:\WINDOWS\System32\USER32.dll
0x00007ffb21da0000 - 0x00007ffb21dc2000 	C:\WINDOWS\System32\win32u.dll
0x00007ffb231b0000 - 0x00007ffb231da000 	C:\WINDOWS\System32\GDI32.dll
0x00007ffb21c10000 - 0x00007ffb21d19000 	C:\WINDOWS\System32\gdi32full.dll
0x00007ffb21730000 - 0x00007ffb217cd000 	C:\WINDOWS\System32\msvcp_win.dll
0x00007ffb21380000 - 0x00007ffb21480000 	C:\WINDOWS\System32\ucrtbase.dll
0x00007ffb13160000 - 0x00007ffb133fb000 	C:\WINDOWS\WinSxS\amd64_microsoft.windows.common-controls_6595b64144ccf1df_6.0.19041.488_none_ca04af081b815d21\COMCTL32.dll
0x00007ffb23750000 - 0x00007ffb23780000 	C:\WINDOWS\System32\IMM32.DLL
0x0000000059af0000 - 0x0000000059bc2000 	D:\java\jdk1.8.0_161\jre\bin\msvcr100.dll
0x0000000058d50000 - 0x00000000595ef000 	D:\java\jdk1.8.0_161\jre\bin\server\jvm.dll
0x00007ffb24150000 - 0x00007ffb24158000 	C:\WINDOWS\System32\PSAPI.DLL
0x00007ffb17770000 - 0x00007ffb17797000 	C:\WINDOWS\SYSTEM32\WINMM.dll
0x00007ffb18760000 - 0x00007ffb1876a000 	C:\WINDOWS\SYSTEM32\VERSION.dll
0x00007ffb05550000 - 0x00007ffb05559000 	C:\WINDOWS\SYSTEM32\WSOCK32.dll
0x00007ffb22c50000 - 0x00007ffb22cbb000 	C:\WINDOWS\System32\WS2_32.dll
0x0000000059ed0000 - 0x0000000059edf000 	D:\java\jdk1.8.0_161\jre\bin\verify.dll
0x0000000059ac0000 - 0x0000000059ae9000 	D:\java\jdk1.8.0_161\jre\bin\java.dll
0x0000000059a00000 - 0x0000000059a23000 	D:\java\jdk1.8.0_161\jre\bin\instrument.dll
0x0000000059aa0000 - 0x0000000059ab6000 	D:\java\jdk1.8.0_161\jre\bin\zip.dll
0x00007ffb22500000 - 0x00007ffb22c42000 	C:\WINDOWS\System32\SHELL32.dll
0x00007ffb1f5a0000 - 0x00007ffb1fd35000 	C:\WINDOWS\SYSTEM32\windows.storage.dll
0x00007ffb23c70000 - 0x00007ffb23fc6000 	C:\WINDOWS\System32\combase.dll
0x00007ffb20d70000 - 0x00007ffb20d9c000 	C:\WINDOWS\SYSTEM32\Wldp.dll
0x00007ffb245d0000 - 0x00007ffb2467e000 	C:\WINDOWS\System32\SHCORE.dll
0x00007ffb23500000 - 0x00007ffb23555000 	C:\WINDOWS\System32\shlwapi.dll
0x00007ffb21230000 - 0x00007ffb21256000 	C:\WINDOWS\SYSTEM32\profapi.dll
0x00007ffb1a6d0000 - 0x00007ffb1a6ea000 	C:\Program Files\JetBrains\IntelliJ IDEA 2020.2.4\bin\breakgen64.dll
0x00000000599d0000 - 0x00000000599ea000 	D:\java\jdk1.8.0_161\jre\bin\net.dll
0x00007ffb20af0000 - 0x00007ffb20b5a000 	C:\WINDOWS\system32\mswsock.dll

VM Arguments:
jvm_args: -ea -javaagent:C:\Users\Administrator\.m2\repository/org/aspectj/aspectjweaver/1.8.10/aspectjweaver-1.8.10.jar -Didea.test.cyclic.buffer.size=1048576 -javaagent:C:\Program Files\JetBrains\IntelliJ IDEA 2020.2.4\lib\idea_rt.jar=11504:C:\Program Files\JetBrains\IntelliJ IDEA 2020.2.4\bin -Dfile.encoding=UTF-8 
java_command: com.intellij.rt.junit.JUnitStarter -ideVersion5 -junit5 com.apiobject.framework.api.ApiObjectModelTest,runTest
java_class_path (initial): C:\Program Files\JetBrains\IntelliJ IDEA 2020.2.4\lib\idea_rt.jar;C:\Users\Administrator\.m2\repository\org\junit\vintage\junit-vintage-engine\5.7.0\junit-vintage-engine-5.7.0.jar;C:\Users\Administrator\.m2\repository\org\junit\platform\junit-platform-engine\1.7.0\junit-platform-engine-1.7.0.jar;C:\Users\Administrator\.m2\repository\junit\junit\4.13\junit-4.13.jar;C:\Program Files\JetBrains\IntelliJ IDEA 2020.2.4\plugins\junit\lib\junit5-rt.jar;C:\Program Files\JetBrains\IntelliJ IDEA 2020.2.4\plugins\junit\lib\junit-rt.jar;D:\java\jdk1.8.0_161\jre\lib\charsets.jar;D:\java\jdk1.8.0_161\jre\lib\deploy.jar;D:\java\jdk1.8.0_161\jre\lib\ext\access-bridge-64.jar;D:\java\jdk1.8.0_161\jre\lib\ext\cldrdata.jar;D:\java\jdk1.8.0_161\jre\lib\ext\dnsns.jar;D:\java\jdk1.8.0_161\jre\lib\ext\jaccess.jar;D:\java\jdk1.8.0_161\jre\lib\ext\jfxrt.jar;D:\java\jdk1.8.0_161\jre\lib\ext\localedata.jar;D:\java\jdk1.8.0_161\jre\lib\ext\nashorn.jar;D:\java\jdk1.8.0_161\jre\lib\ext\sunec.jar;D:\java\jdk1.8.0_161\jre\lib\ext\sunjce_provider.jar;D:\java\jdk1.8.0_161\jre\lib\ext\sunmscapi.jar;D:\java\jdk1.8.0_161\jre\lib\ext\sunpkcs11.jar;D:\java\jdk1.8.0_161\jre\lib\ext\zipfs.jar;D:\java\jdk1.8.0_161\jre\lib\javaws.jar;D:\java\jdk1.8.0_161\jre\lib\jce.jar;D:\java\jdk1.8.0_161\jre\lib\jfr.jar;D:\java\jdk1.8.0_161\jre\lib\jfxswt.jar;D:\java\jdk1.8.0_161\jre\lib\jsse.jar;D:\java\jdk1.8.0_161\jre\lib\management-agent.jar;D:\java\jdk1.8.0_161\jre\lib\plugin.jar;D:\java\jdk1.8.0_161\jre\lib\resources.jar;D:\java\jdk1.8.0_161\jre\lib\rt.jar;H:\ideawork\seleniumCoding\wechatApi\target\test-classes;H:\ideawork\seleniumCoding\wechatApi\target\classes;C:\Users\Administrator\.m2\repository\org\junit\jupiter\junit-jupiter\5.7.0\junit-jupiter-5.7.0.jar;C:\Users\Administrator\.m2\repository\org\junit\jupiter\junit-jupiter-api\5.7.0\junit-jupiter-api-5.7.0.jar;C:\Users\Administrator\.m2\repository\org\opentest4j\opentest4j\1.2.0\opentest4j-1.2.0.jar;C:\Users\Administrator\.m2\reposi
Launcher Type: SUN_STANDARD

Environment Variables:
JAVA_HOME=C:\Program Files\Java\jdk1.8.0_111
CLASSPATH=.;C:\Program Files\Java\jdk1.8.0_111\lib;C:\Program Files\Java\jdk1.8.0_111\lib\tools.jar
PATH=C:\Program Files (x86)\NetSarang\Xshell 6\;C:\Program Files\Common Files\Microsoft Shared\Windows Live;C:\Program Files\Java\jdk1.8.0_111\bin;C:\Program Files (x86)\NVIDIA Corporation\PhysX\Common;C:\Program Files\Python36\Scripts\;C:\Program Files\Python36\;D:\app\Administrator\product\11.2.0\dbhome_1\bin;C:\windows\system32\;C:\WINDOWS;C:\WINDOWS\system32\wbem;C:\Program Files (x86)\QuickTime\QTSystem\;C:\Program Files\TortoiseSVN\bin;C:\Program Files\Python36\Lib\site-packages\pip-18.0-py3.6.egg;C:\Program Files (x86)\Google\Chrome\Application;C:\strawberry\c\bin;C:\strawberry\perl\bin;D:\apache-maven-3.3.9\bin;D:\apache-tomcat-8.5.28\bin;C:\Program Files\MongoDB\Server\3.2\bin;D:\nodejs;D:\apache-jmeter-5.2.1\bin;H:\allure-2.13.3\bin;C:\Driver;D:\java\android-sdk-windows\platform-tools;D:\java\android-sdk-windows\tools;D:\nodejs\node_global;C:\WINDOWS\system32;C:\WINDOWS\System32\Wbem;C:\WINDOWS\System32\WindowsPowerShell\v1.0\;C:\WINDOWS\System32\OpenSSH\;D:\nodejs\;D:\Program Files (x86)\Nox\bin;F:\Program Files (x86)\Appium\node_modules\.bin;F:\Program Files (x86)\Appium;C:\Program Files\TortoiseGit\bin;C:\ProgramData\chocolatey\bin;C:\Program Files\Common Files\Microsoft Shared\Windows Live;C:\Program Files\erl8.1\bin;C:\Users\Administrator\AppData\Local\Programs\Fiddler;C:\Users\Administrator\AppData\Local\BypassRuntm;D:\Program Files\IntelliJ IDEA 2019\bin;;C:\Users\Administrator\AppData\Local\Microsoft\WindowsApps;C:\Users\Administrator\AppData\Roaming\npm
USERNAME=zhangcheng
OS=Windows_NT
PROCESSOR_IDENTIFIER=Intel64 Family 6 Model 60 Stepping 3, GenuineIntel



---------------  S Y S T E M  ---------------

OS: Windows 10.0 , 64 bit Build 19041 (10.0.19041.662)

CPU:total 8 (initial active 8) (4 cores per cpu, 2 threads per core) family 6 model 60 stepping 3, cmov, cx8, fxsr, mmx, sse, sse2, sse3, ssse3, sse4.1, sse4.2, popcnt, avx, avx2, aes, clmul, erms, lzcnt, ht, tsc, tscinvbit, bmi1, bmi2

Memory: 4k page, physical 16658488k(3268248k free), swap 16658488k(5432k free)

vm_info: Java HotSpot(TM) 64-Bit Server VM (25.161-b12) for windows-amd64 JRE (1.8.0_161-b12), built on Dec 19 2017 17:52:25 by "java_re" with MS VC++ 10.0 (VS2010)

time: Thu Dec 31 11:15:35 2020
elapsed time: 5 seconds (0d 0h 0m 5s)

