#
# There is insufficient memory for the Java Runtime Environment to continue.
# Native memory allocation (malloc) failed to allocate 131088 bytes for Chunk::new
# Possible reasons:
#   The system is out of physical RAM or swap space
#   In 32 bit mode, the process size limit was hit
# Possible solutions:
#   Reduce memory load on the system
#   Increase physical memory or swap space
#   Check if swap backing store is full
#   Use 64 bit Java on a 64 bit OS
#   Decrease Java heap size (-Xmx/-Xms)
#   Decrease number of Java threads
#   Decrease Java thread stack sizes (-Xss)
#   Set larger code cache with -XX:ReservedCodeCacheSize=
# This output file may be truncated or incomplete.
#
#  Out of Memory Error (allocation.cpp:390), pid=2420, tid=0x0000000000005c70
#
# JRE version: Java(TM) SE Runtime Environment (8.0_161-b12) (build 1.8.0_161-b12)
# Java VM: Java HotSpot(TM) 64-Bit Server VM (25.161-b12 mixed mode windows-amd64 compressed oops)
# Failed to write core dump. Minidumps are not enabled by default on client versions of Windows
#

---------------  T H R E A D  ---------------

Current thread (0x000000001f5c7000):  JavaThread "C2 CompilerThread2" daemon [_thread_in_native, id=23664, stack(0x000000001fdc0000,0x000000001fec0000)]

Stack: [0x000000001fdc0000,0x000000001fec0000]
[error occurred during error reporting (printing stack bounds), id 0xc0000005]

Native frames: (J=compiled Java code, j=interpreted, Vv=VM code, C=native code)


Current CompileTask:
C2:   4948 1393   !   4       org.aspectj.weaver.ReferenceType::getSuperclass (170 bytes)


---------------  P R O C E S S  ---------------

Java Threads: ( => current thread )
  0x000000001f628000 JavaThread "Service Thread" daemon [_thread_blocked, id=18800, stack(0x000000001ffc0000,0x00000000200c0000)]
  0x000000001f5c7800 JavaThread "C1 CompilerThread3" daemon [_thread_blocked, id=6404, stack(0x000000001fec0000,0x000000001ffc0000)]
=>0x000000001f5c7000 JavaThread "C2 CompilerThread2" daemon [_thread_in_native, id=23664, stack(0x000000001fdc0000,0x000000001fec0000)]
  0x000000001f605000 JavaThread "C2 CompilerThread1" daemon [_thread_in_native, id=20884, stack(0x000000001fcc0000,0x000000001fdc0000)]
  0x000000001f51c000 JavaThread "C2 CompilerThread0" daemon [_thread_in_native, id=23312, stack(0x000000001fbc0000,0x000000001fcc0000)]
  0x000000001f598000 JavaThread "Monitor Ctrl-Break" daemon [_thread_in_native, id=21968, stack(0x000000001fac0000,0x000000001fbc0000)]
  0x000000001eba4000 JavaThread "Attach Listener" daemon [_thread_blocked, id=17000, stack(0x000000001f1c0000,0x000000001f2c0000)]
  0x000000001cc9e000 JavaThread "Signal Dispatcher" daemon [_thread_blocked, id=18824, stack(0x000000001f0c0000,0x000000001f1c0000)]
  0x000000001eb80800 JavaThread "Finalizer" daemon [_thread_blocked, id=2352, stack(0x000000001ef60000,0x000000001f060000)]
  0x000000000316e000 JavaThread "Reference Handler" daemon [_thread_blocked, id=23696, stack(0x000000001ea60000,0x000000001eb60000)]
  0x0000000003075800 JavaThread "main" [_thread_in_native, id=3504, stack(0x0000000002ea0000,0x0000000002fa0000)]

Other Threads:
  0x000000001cc89800 VMThread [stack: 0x000000001e960000,0x000000001ea60000] [id=5268]
  0x000000001f3e0800 WatcherThread [stack: 0x00000000200c0000,0x00000000201c0000] [id=12768]

VM state:not at safepoint (normal execution)

VM Mutex/Monitor currently owned by a thread: None

Heap:
 PSYoungGen      total 76288K, used 17620K [0x000000076b400000, 0x0000000774900000, 0x00000007c0000000)
  eden space 65536K, 10% used [0x000000076b400000,0x000000076bab6ff0,0x000000076f400000)
  from space 10752K, 99% used [0x000000076fe80000,0x00000007708fe0c8,0x0000000770900000)
  to   space 10752K, 0% used [0x000000076f400000,0x000000076f400000,0x000000076fe80000)
 ParOldGen       total 175104K, used 9812K [0x00000006c1c00000, 0x00000006cc700000, 0x000000076b400000)
  object space 175104K, 5% used [0x00000006c1c00000,0x00000006c2595370,0x00000006cc700000)
 Metaspace       used 14283K, capacity 14542K, committed 14592K, reserved 1062912K
  class space    used 1444K, capacity 1520K, committed 1536K, reserved 1048576K

Card table byte_map: [0x0000000012630000,0x0000000012e30000] byte_map_base: 0x000000000f022000

Marking Bits: (ParMarkBitMap*) 0x000000005956f860
 Begin Bits: [0x0000000013b80000, 0x0000000017b10000)
 End Bits:   [0x0000000017b10000, 0x000000001baa0000)

Polling page: 0x00000000029f0000

CodeCache: size=245760Kb used=6378Kb max_used=6378Kb free=239381Kb
 bounds [0x0000000003270000, 0x00000000038b0000, 0x0000000012270000]
 total_blobs=1756 nmethods=1413 adapters=255
 compilation: enabled

Compilation events (10 events):
Event: 4.908 Thread 0x000000001f5c7800 1425       3       org.aspectj.weaver.World::resolve (40 bytes)
Event: 4.908 Thread 0x000000001f5c7800 nmethod 1425 0x00000000038a7090 code [0x00000000038a7220, 0x00000000038a7828]
Event: 4.908 Thread 0x000000001f5c7800 1424       3       org.aspectj.weaver.TypeFactory::createParameterizedType (139 bytes)
Event: 4.911 Thread 0x000000001f5c7800 nmethod 1424 0x00000000038a7a10 code [0x00000000038a7d00, 0x00000000038a95a8]
Event: 4.911 Thread 0x000000001f5c7800 1423       3       org.aspectj.weaver.ResolvedType::<init> (30 bytes)
Event: 4.911 Thread 0x000000001f5c7800 nmethod 1423 0x00000000038aa050 code [0x00000000038aa1e0, 0x00000000038aa690]
Event: 4.937 Thread 0x000000001f5c7800 1428       3       org.aspectj.apache.bcel.generic.InstructionList::insert (67 bytes)
Event: 4.938 Thread 0x000000001f5c7800 nmethod 1428 0x00000000038aa8d0 code [0x00000000038aaa40, 0x00000000038aad70]
Event: 4.940 Thread 0x000000001f5c7800 1429       3       org.aspectj.weaver.bcel.BcelShadow::makeStaticInitialization (119 bytes)
Event: 4.944 Thread 0x000000001f5c7800 nmethod 1429 0x00000000038aae90 code [0x00000000038ab2a0, 0x00000000038ad808]

GC Heap History (4 events):
Event: 3.326 GC heap before
{Heap before GC invocations=1 (full 0):
 PSYoungGen      total 76288K, used 65536K [0x000000076b400000, 0x0000000770900000, 0x00000007c0000000)
  eden space 65536K, 100% used [0x000000076b400000,0x000000076f400000,0x000000076f400000)
  from space 10752K, 0% used [0x000000076fe80000,0x000000076fe80000,0x0000000770900000)
  to   space 10752K, 0% used [0x000000076f400000,0x000000076f400000,0x000000076fe80000)
 ParOldGen       total 175104K, used 0K [0x00000006c1c00000, 0x00000006cc700000, 0x000000076b400000)
  object space 175104K, 0% used [0x00000006c1c00000,0x00000006c1c00000,0x00000006cc700000)
 Metaspace       used 11496K, capacity 11758K, committed 11904K, reserved 1060864K
  class space    used 1214K, capacity 1296K, committed 1408K, reserved 1048576K
Event: 3.348 GC heap after
Heap after GC invocations=1 (full 0):
 PSYoungGen      total 76288K, used 9758K [0x000000076b400000, 0x0000000770900000, 0x00000007c0000000)
  eden space 65536K, 0% used [0x000000076b400000,0x000000076b400000,0x000000076f400000)
  from space 10752K, 90% used [0x000000076f400000,0x000000076fd87ac8,0x000000076fe80000)
  to   space 10752K, 0% used [0x000000076fe80000,0x000000076fe80000,0x0000000770900000)
 ParOldGen       total 175104K, used 16K [0x00000006c1c00000, 0x00000006cc700000, 0x000000076b400000)
  object space 175104K, 0% used [0x00000006c1c00000,0x00000006c1c04000,0x00000006cc700000)
 Metaspace       used 11496K, capacity 11758K, committed 11904K, reserved 1060864K
  class space    used 1214K, capacity 1296K, committed 1408K, reserved 1048576K
}
Event: 4.833 GC heap before
{Heap before GC invocations=2 (full 0):
 PSYoungGen      total 76288K, used 75294K [0x000000076b400000, 0x0000000770900000, 0x00000007c0000000)
  eden space 65536K, 100% used [0x000000076b400000,0x000000076f400000,0x000000076f400000)
  from space 10752K, 90% used [0x000000076f400000,0x000000076fd87ac8,0x000000076fe80000)
  to   space 10752K, 0% used [0x000000076fe80000,0x000000076fe80000,0x0000000770900000)
 ParOldGen       total 175104K, used 16K [0x00000006c1c00000, 0x00000006cc700000, 0x000000076b400000)
  object space 175104K, 0% used [0x00000006c1c00000,0x00000006c1c04000,0x00000006cc700000)
 Metaspace       used 14127K, capacity 14414K, committed 14592K, reserved 1062912K
  class space    used 1426K, capacity 1520K, committed 1536K, reserved 1048576K
Event: 4.862 GC heap after
Heap after GC invocations=2 (full 0):
 PSYoungGen      total 76288K, used 10744K [0x000000076b400000, 0x0000000774900000, 0x00000007c0000000)
  eden space 65536K, 0% used [0x000000076b400000,0x000000076b400000,0x000000076f400000)
  from space 10752K, 99% used [0x000000076fe80000,0x00000007708fe0c8,0x0000000770900000)
  to   space 10752K, 0% used [0x000000076f400000,0x000000076f400000,0x000000076fe80000)
 ParOldGen       total 175104K, used 9812K [0x00000006c1c00000, 0x00000006cc700000, 0x000000076b400000)
  object space 175104K, 5% used [0x00000006c1c00000,0x00000006c2595370,0x00000006cc700000)
 Metaspace       used 14127K, capacity 14414K, committed 14592K, reserved 1062912K
  class space    used 1426K, capacity 1520K, committed 1536K, reserved 1048576K
}

Deoptimization events (10 events):
Event: 3.360 Thread 0x0000000003075800 Uncommon trap: reason=unstable_if action=reinterpret pc=0x0000000003644840 method=java.lang.ref.ReferenceQueue.poll()Ljava/lang/ref/Reference; @ 4
Event: 3.386 Thread 0x0000000003075800 Uncommon trap: reason=unloaded action=reinterpret pc=0x000000000355a3f0 method=org.aspectj.apache.bcel.classfile.Constant.readConstant(Ljava/io/DataInputStream;)Lorg/aspectj/apache/bcel/classfile/Constant; @ 190
Event: 4.161 Thread 0x0000000003075800 Uncommon trap: reason=bimorphic action=maybe_recompile pc=0x00000000036fb240 method=java.util.HashMap.putVal(ILjava/lang/Object;Ljava/lang/Object;ZZ)Ljava/lang/Object; @ 91
Event: 4.228 Thread 0x0000000003075800 Uncommon trap: reason=bimorphic action=maybe_recompile pc=0x00000000036fb240 method=java.util.HashMap.putVal(ILjava/lang/Object;Ljava/lang/Object;ZZ)Ljava/lang/Object; @ 91
Event: 4.661 Thread 0x0000000003075800 Uncommon trap: reason=unstable_if action=reinterpret pc=0x00000000037bbfd4 method=java.util.HashMap$HashIterator.<init>(Ljava/util/HashMap;)V @ 45
Event: 4.782 Thread 0x0000000003075800 Uncommon trap: reason=unstable_if action=reinterpret pc=0x000000000372636c method=org.aspectj.weaver.World.resolve(Lorg/aspectj/weaver/UnresolvedType;Z)Lorg/aspectj/weaver/ResolvedType; @ 85
Event: 4.786 Thread 0x0000000003075800 Uncommon trap: reason=unstable_if action=reinterpret pc=0x00000000036c1cf8 method=org.aspectj.weaver.World.resolve(Lorg/aspectj/weaver/UnresolvedType;Z)Lorg/aspectj/weaver/ResolvedType; @ 85
Event: 4.787 Thread 0x0000000003075800 Uncommon trap: reason=unstable_if action=reinterpret pc=0x000000000377ab74 method=org.aspectj.weaver.TypeFactory.createTypeFromSignature(Ljava/lang/String;)Lorg/aspectj/weaver/UnresolvedType; @ 330
Event: 4.787 Thread 0x0000000003075800 Uncommon trap: reason=bimorphic action=maybe_recompile pc=0x000000000377b6f8 method=org.aspectj.weaver.TypeFactory.createTypeFromSignature(Ljava/lang/String;)Lorg/aspectj/weaver/UnresolvedType; @ 281
Event: 4.920 Thread 0x0000000003075800 Uncommon trap: reason=null_check action=make_not_entrant pc=0x00000000038585bc method=org.aspectj.weaver.World$TypeMap.get(Ljava/lang/String;)Lorg/aspectj/weaver/ResolvedType; @ 52

Classes redefined (0 events):
No events

Internal exceptions (10 events):
Event: 1.906 Thread 0x0000000003075800 Exception <a 'java/lang/ArrayIndexOutOfBoundsException': 9> (0x000000076d43db10) thrown at [C:\re\workspace\8-2-build-windows-amd64-cygwin\jdk8u161\10277\hotspot\src\share\vm\interpreter\interpreterRuntime.cpp, line 366]
Event: 1.906 Thread 0x0000000003075800 Exception <a 'java/lang/ArrayIndexOutOfBoundsException': 9> (0x000000076d43df30) thrown at [C:\re\workspace\8-2-build-windows-amd64-cygwin\jdk8u161\10277\hotspot\src\share\vm\interpreter\interpreterRuntime.cpp, line 366]
Event: 1.906 Thread 0x0000000003075800 Exception <a 'java/lang/ArrayIndexOutOfBoundsException': 9> (0x000000076d43e350) thrown at [C:\re\workspace\8-2-build-windows-amd64-cygwin\jdk8u161\10277\hotspot\src\share\vm\interpreter\interpreterRuntime.cpp, line 366]
Event: 1.907 Thread 0x0000000003075800 Exception <a 'java/lang/ArrayIndexOutOfBoundsException': 7> (0x000000076d4441f8) thrown at [C:\re\workspace\8-2-build-windows-amd64-cygwin\jdk8u161\10277\hotspot\src\share\vm\interpreter\interpreterRuntime.cpp, line 366]
Event: 1.907 Thread 0x0000000003075800 Exception <a 'java/lang/ArrayIndexOutOfBoundsException': 7> (0x000000076d444618) thrown at [C:\re\workspace\8-2-build-windows-amd64-cygwin\jdk8u161\10277\hotspot\src\share\vm\interpreter\interpreterRuntime.cpp, line 366]
Event: 1.907 Thread 0x0000000003075800 Exception <a 'java/lang/ArrayIndexOutOfBoundsException': 7> (0x000000076d444a38) thrown at [C:\re\workspace\8-2-build-windows-amd64-cygwin\jdk8u161\10277\hotspot\src\share\vm\interpreter\interpreterRuntime.cpp, line 366]
Event: 2.671 Thread 0x0000000003075800 Exception <a 'java/lang/NoSuchFieldError': method resolution failed> (0x000000076e4aa6c0) thrown at [C:\re\workspace\8-2-build-windows-amd64-cygwin\jdk8u161\10277\hotspot\src\share\vm\prims\methodHandles.cpp, line 1167]
Event: 2.675 Thread 0x0000000003075800 Exception <a 'java/lang/NoSuchFieldError': method resolution failed> (0x000000076e4b8b20) thrown at [C:\re\workspace\8-2-build-windows-amd64-cygwin\jdk8u161\10277\hotspot\src\share\vm\prims\methodHandles.cpp, line 1167]
Event: 3.229 Thread 0x0000000003075800 Exception <a 'java/lang/NoClassDefFoundError': org/slf4j/impl/StaticLoggerBinder> (0x000000076f181a98) thrown at [C:\re\workspace\8-2-build-windows-amd64-cygwin\jdk8u161\10277\hotspot\src\share\vm\classfile\systemDictionary.cpp, line 199]
Event: 4.920 Thread 0x0000000003075800 Implicit null exception at 0x000000000384e561 to 0x000000000385858d

Events (10 events):
Event: 4.932 loading class com/fasterxml/jackson/databind/deser/std/JsonLocationInstantiator
Event: 4.932 loading class com/fasterxml/jackson/databind/deser/std/JsonLocationInstantiator done
Event: 4.935 loading class com/fasterxml/jackson/databind/deser/ValueInstantiator$Base
Event: 4.935 loading class com/fasterxml/jackson/databind/deser/ValueInstantiator$Base done
Event: 4.936 loading class com/fasterxml/jackson/databind/util/ConstantValueInstantiator
Event: 4.936 loading class com/fasterxml/jackson/databind/util/ConstantValueInstantiator done
Event: 4.938 loading class com/fasterxml/jackson/databind/introspect/AnnotatedConstructor
Event: 4.938 loading class com/fasterxml/jackson/databind/introspect/AnnotatedConstructor done
Event: 4.944 loading class com/fasterxml/jackson/databind/deser/impl/SetterlessProperty
Event: 4.944 loading class com/fasterxml/jackson/databind/deser/impl/SetterlessProperty done


Dynamic libraries:
0x00007ff768270000 - 0x00007ff7682a7000 	D:\java\jdk1.8.0_161\bin\java.exe
0x00007ffb248b0000 - 0x00007ffb24aa6000 	C:\WINDOWS\SYSTEM32\ntdll.dll
0x00007ffb24510000 - 0x00007ffb245cd000 	C:\WINDOWS\System32\KERNEL32.DLL
0x00007ffb217d0000 - 0x00007ffb21a99000 	C:\WINDOWS\System32\KERNELBASE.dll
0x00007ffb24460000 - 0x00007ffb2450c000 	C:\WINDOWS\System32\ADVAPI32.dll
0x00007ffb247d0000 - 0x00007ffb2486e000 	C:\WINDOWS\System32\msvcrt.dll
0x00007ffb22350000 - 0x00007ffb223ec000 	C:\WINDOWS\System32\sechost.dll
0x00007ffb24680000 - 0x00007ffb247ab000 	C:\WINDOWS\System32\RPCRT4.dll
0x00007ffb23360000 - 0x00007ffb23500000 	C:\WINDOWS\System32\USER32.dll
0x00007ffb21da0000 - 0x00007ffb21dc2000 	C:\WINDOWS\System32\win32u.dll
0x00007ffb231b0000 - 0x00007ffb231da000 	C:\WINDOWS\System32\GDI32.dll
0x00007ffb21c10000 - 0x00007ffb21d19000 	C:\WINDOWS\System32\gdi32full.dll
0x00007ffb21730000 - 0x00007ffb217cd000 	C:\WINDOWS\System32\msvcp_win.dll
0x00007ffb21380000 - 0x00007ffb21480000 	C:\WINDOWS\System32\ucrtbase.dll
0x00007ffb13160000 - 0x00007ffb133fb000 	C:\WINDOWS\WinSxS\amd64_microsoft.windows.common-controls_6595b64144ccf1df_6.0.19041.488_none_ca04af081b815d21\COMCTL32.dll
0x00007ffb23750000 - 0x00007ffb23780000 	C:\WINDOWS\System32\IMM32.DLL
0x0000000059af0000 - 0x0000000059bc2000 	D:\java\jdk1.8.0_161\jre\bin\msvcr100.dll
0x0000000058d50000 - 0x00000000595ef000 	D:\java\jdk1.8.0_161\jre\bin\server\jvm.dll
0x00007ffb24150000 - 0x00007ffb24158000 	C:\WINDOWS\System32\PSAPI.DLL
0x00007ffb05550000 - 0x00007ffb05559000 	C:\WINDOWS\SYSTEM32\WSOCK32.dll
0x00007ffb17770000 - 0x00007ffb17797000 	C:\WINDOWS\SYSTEM32\WINMM.dll
0x00007ffb18760000 - 0x00007ffb1876a000 	C:\WINDOWS\SYSTEM32\VERSION.dll
0x00007ffb22c50000 - 0x00007ffb22cbb000 	C:\WINDOWS\System32\WS2_32.dll
0x0000000059ed0000 - 0x0000000059edf000 	D:\java\jdk1.8.0_161\jre\bin\verify.dll
0x0000000059ac0000 - 0x0000000059ae9000 	D:\java\jdk1.8.0_161\jre\bin\java.dll
0x0000000059a00000 - 0x0000000059a23000 	D:\java\jdk1.8.0_161\jre\bin\instrument.dll
0x0000000059aa0000 - 0x0000000059ab6000 	D:\java\jdk1.8.0_161\jre\bin\zip.dll
0x00007ffb22500000 - 0x00007ffb22c42000 	C:\WINDOWS\System32\SHELL32.dll
0x00007ffb1f5a0000 - 0x00007ffb1fd35000 	C:\WINDOWS\SYSTEM32\windows.storage.dll
0x00007ffb23c70000 - 0x00007ffb23fc6000 	C:\WINDOWS\System32\combase.dll
0x00007ffb20d70000 - 0x00007ffb20d9c000 	C:\WINDOWS\SYSTEM32\Wldp.dll
0x00007ffb245d0000 - 0x00007ffb2467e000 	C:\WINDOWS\System32\SHCORE.dll
0x00007ffb23500000 - 0x00007ffb23555000 	C:\WINDOWS\System32\shlwapi.dll
0x00007ffb21230000 - 0x00007ffb21256000 	C:\WINDOWS\SYSTEM32\profapi.dll
0x00007ffb1a6d0000 - 0x00007ffb1a6ea000 	C:\Program Files\JetBrains\IntelliJ IDEA 2020.2.4\bin\breakgen64.dll
0x00000000599d0000 - 0x00000000599ea000 	D:\java\jdk1.8.0_161\jre\bin\net.dll
0x00007ffb20af0000 - 0x00007ffb20b5a000 	C:\WINDOWS\system32\mswsock.dll

VM Arguments:
jvm_args: -ea -javaagent:C:\Users\Administrator\.m2\repository/org/aspectj/aspectjweaver/1.8.10/aspectjweaver-1.8.10.jar -Didea.test.cyclic.buffer.size=1048576 -javaagent:C:\Program Files\JetBrains\IntelliJ IDEA 2020.2.4\lib\idea_rt.jar=11528:C:\Program Files\JetBrains\IntelliJ IDEA 2020.2.4\bin -Dfile.encoding=UTF-8 
java_command: com.intellij.rt.junit.JUnitStarter -ideVersion5 -junit5 com.apiobject.framework.api.ApiObjectModelTest,runTest
java_class_path (initial): C:\Program Files\JetBrains\IntelliJ IDEA 2020.2.4\lib\idea_rt.jar;C:\Users\Administrator\.m2\repository\org\junit\vintage\junit-vintage-engine\5.7.0\junit-vintage-engine-5.7.0.jar;C:\Users\Administrator\.m2\repository\org\junit\platform\junit-platform-engine\1.7.0\junit-platform-engine-1.7.0.jar;C:\Users\Administrator\.m2\repository\junit\junit\4.13\junit-4.13.jar;C:\Program Files\JetBrains\IntelliJ IDEA 2020.2.4\plugins\junit\lib\junit5-rt.jar;C:\Program Files\JetBrains\IntelliJ IDEA 2020.2.4\plugins\junit\lib\junit-rt.jar;D:\java\jdk1.8.0_161\jre\lib\charsets.jar;D:\java\jdk1.8.0_161\jre\lib\deploy.jar;D:\java\jdk1.8.0_161\jre\lib\ext\access-bridge-64.jar;D:\java\jdk1.8.0_161\jre\lib\ext\cldrdata.jar;D:\java\jdk1.8.0_161\jre\lib\ext\dnsns.jar;D:\java\jdk1.8.0_161\jre\lib\ext\jaccess.jar;D:\java\jdk1.8.0_161\jre\lib\ext\jfxrt.jar;D:\java\jdk1.8.0_161\jre\lib\ext\localedata.jar;D:\java\jdk1.8.0_161\jre\lib\ext\nashorn.jar;D:\java\jdk1.8.0_161\jre\lib\ext\sunec.jar;D:\java\jdk1.8.0_161\jre\lib\ext\sunjce_provider.jar;D:\java\jdk1.8.0_161\jre\lib\ext\sunmscapi.jar;D:\java\jdk1.8.0_161\jre\lib\ext\sunpkcs11.jar;D:\java\jdk1.8.0_161\jre\lib\ext\zipfs.jar;D:\java\jdk1.8.0_161\jre\lib\javaws.jar;D:\java\jdk1.8.0_161\jre\lib\jce.jar;D:\java\jdk1.8.0_161\jre\lib\jfr.jar;D:\java\jdk1.8.0_161\jre\lib\jfxswt.jar;D:\java\jdk1.8.0_161\jre\lib\jsse.jar;D:\java\jdk1.8.0_161\jre\lib\management-agent.jar;D:\java\jdk1.8.0_161\jre\lib\plugin.jar;D:\java\jdk1.8.0_161\jre\lib\resources.jar;D:\java\jdk1.8.0_161\jre\lib\rt.jar;H:\ideawork\seleniumCoding\wechatApi\target\test-classes;H:\ideawork\seleniumCoding\wechatApi\target\classes;C:\Users\Administrator\.m2\repository\org\junit\jupiter\junit-jupiter\5.7.0\junit-jupiter-5.7.0.jar;C:\Users\Administrator\.m2\repository\org\junit\jupiter\junit-jupiter-api\5.7.0\junit-jupiter-api-5.7.0.jar;C:\Users\Administrator\.m2\repository\org\opentest4j\opentest4j\1.2.0\opentest4j-1.2.0.jar;C:\Users\Administrator\.m2\reposi
Launcher Type: SUN_STANDARD

Environment Variables:
JAVA_HOME=C:\Program Files\Java\jdk1.8.0_111
CLASSPATH=.;C:\Program Files\Java\jdk1.8.0_111\lib;C:\Program Files\Java\jdk1.8.0_111\lib\tools.jar
PATH=C:\Program Files (x86)\NetSarang\Xshell 6\;C:\Program Files\Common Files\Microsoft Shared\Windows Live;C:\Program Files\Java\jdk1.8.0_111\bin;C:\Program Files (x86)\NVIDIA Corporation\PhysX\Common;C:\Program Files\Python36\Scripts\;C:\Program Files\Python36\;D:\app\Administrator\product\11.2.0\dbhome_1\bin;C:\windows\system32\;C:\WINDOWS;C:\WINDOWS\system32\wbem;C:\Program Files (x86)\QuickTime\QTSystem\;C:\Program Files\TortoiseSVN\bin;C:\Program Files\Python36\Lib\site-packages\pip-18.0-py3.6.egg;C:\Program Files (x86)\Google\Chrome\Application;C:\strawberry\c\bin;C:\strawberry\perl\bin;D:\apache-maven-3.3.9\bin;D:\apache-tomcat-8.5.28\bin;C:\Program Files\MongoDB\Server\3.2\bin;D:\nodejs;D:\apache-jmeter-5.2.1\bin;H:\allure-2.13.3\bin;C:\Driver;D:\java\android-sdk-windows\platform-tools;D:\java\android-sdk-windows\tools;D:\nodejs\node_global;C:\WINDOWS\system32;C:\WINDOWS\System32\Wbem;C:\WINDOWS\System32\WindowsPowerShell\v1.0\;C:\WINDOWS\System32\OpenSSH\;D:\nodejs\;D:\Program Files (x86)\Nox\bin;F:\Program Files (x86)\Appium\node_modules\.bin;F:\Program Files (x86)\Appium;C:\Program Files\TortoiseGit\bin;C:\ProgramData\chocolatey\bin;C:\Program Files\Common Files\Microsoft Shared\Windows Live;C:\Program Files\erl8.1\bin;C:\Users\Administrator\AppData\Local\Programs\Fiddler;C:\Users\Administrator\AppData\Local\BypassRuntm;D:\Program Files\IntelliJ IDEA 2019\bin;;C:\Users\Administrator\AppData\Local\Microsoft\WindowsApps;C:\Users\Administrator\AppData\Roaming\npm
USERNAME=zhangcheng
OS=Windows_NT
PROCESSOR_IDENTIFIER=Intel64 Family 6 Model 60 Stepping 3, GenuineIntel



---------------  S Y S T E M  ---------------

OS: Windows 10.0 , 64 bit Build 19041 (10.0.19041.662)

CPU:total 8 (initial active 8) (4 cores per cpu, 2 threads per core) family 6 model 60 stepping 3, cmov, cx8, fxsr, mmx, sse, sse2, sse3, ssse3, sse4.1, sse4.2, popcnt, avx, avx2, aes, clmul, erms, lzcnt, ht, tsc, tscinvbit, bmi1, bmi2

Memory: 4k page, physical 16658488k(3269356k free), swap 16658488k(4812k free)

vm_info: Java HotSpot(TM) 64-Bit Server VM (25.161-b12) for windows-amd64 JRE (1.8.0_161-b12), built on Dec 19 2017 17:52:25 by "java_re" with MS VC++ 10.0 (VS2010)

time: Thu Dec 31 11:16:08 2020
elapsed time: 4 seconds (0d 0h 0m 4s)

